Running with 256 threads...
Resolution of 3096 x 3096
256, epyc008.hpc.rd.areasciencepark.it:rank130.Run6-5: Failed to modify UD QP to INIT on ibp161s0: Operation not permitted
epyc008.hpc.rd.areasciencepark.it:rank130.Run6-5: Failed to modify UD QP to INIT on ibp161s0: Operation not permitted
epyc008.hpc.rd.areasciencepark.it:rank130.Run6-5: Failed to modify UD QP to INIT on ibp161s0: Operation not permitted
epyc008.hpc.rd.areasciencepark.it:rank135.Run6-5: Failed to modify UD QP to INIT on ibp161s0: Operation not permitted
epyc008.hpc.rd.areasciencepark.it:rank129.Run6-5: Failed to modify UD QP to INIT on ibp161s0: Operation not permitted
epyc008.hpc.rd.areasciencepark.it:rank135.Run6-5: Failed to modify UD QP to INIT on ibp161s0: Operation not permitted
epyc008.hpc.rd.areasciencepark.it:rank135.Run6-5: Failed to modify UD QP to INIT on ibp161s0: Operation not permitted
epyc008.hpc.rd.areasciencepark.it:rank129.Run6-5: Failed to modify UD QP to INIT on ibp161s0: Operation not permitted
epyc008.hpc.rd.areasciencepark.it:rank129.Run6-5: Failed to modify UD QP to INIT on ibp161s0: Operation not permitted
epyc008.hpc.rd.areasciencepark.it:rank134.Run6-5: Failed to modify UD QP to INIT on ibp161s0: Operation not permitted
epyc008.hpc.rd.areasciencepark.it:rank138.Run6-5: Failed to modify UD QP to INIT on ibp161s0: Operation not permitted
epyc008.hpc.rd.areasciencepark.it:rank134.Run6-5: Failed to modify UD QP to INIT on ibp161s0: Operation not permitted
epyc008.hpc.rd.areasciencepark.it:rank133.Run6-5: Failed to modify UD QP to INIT on ibp161s0: Operation not permitted
epyc008.hpc.rd.areasciencepark.it:rank131.Run6-5: Failed to modify UD QP to INIT on ibp161s0: Operation not permitted
epyc008.hpc.rd.areasciencepark.it:rank138.Run6-5: Failed to modify UD QP to INIT on ibp161s0: Operation not permitted
epyc008.hpc.rd.areasciencepark.it:rank134.Run6-5: Failed to modify UD QP to INIT on ibp161s0: Operation not permitted
epyc008.hpc.rd.areasciencepark.it:rank139.Run6-5: Failed to modify UD QP to INIT on ibp161s0: Operation not permitted
epyc008.hpc.rd.areasciencepark.it:rank138.Run6-5: Failed to modify UD QP to INIT on ibp161s0: Operation not permitted
epyc008.hpc.rd.areasciencepark.it:rank133.Run6-5: Failed to modify UD QP to INIT on ibp161s0: Operation not permitted
epyc008.hpc.rd.areasciencepark.it:rank131.Run6-5: Failed to modify UD QP to INIT on ibp161s0: Operation not permitted
epyc008.hpc.rd.areasciencepark.it:rank143.Run6-5: Failed to modify UD QP to INIT on ibp161s0: Operation not permitted
epyc008.hpc.rd.areasciencepark.it:rank128.Run6-5: Failed to modify UD QP to INIT on ibp161s0: Operation not permitted
epyc008.hpc.rd.areasciencepark.it:rank132.Run6-5: Failed to modify UD QP to INIT on ibp161s0: Operation not permitted
epyc008.hpc.rd.areasciencepark.it:rank133.Run6-5: Failed to modify UD QP to INIT on ibp161s0: Operation not permitted
epyc008.hpc.rd.areasciencepark.it:rank137.Run6-5: Failed to modify UD QP to INIT on ibp161s0: Operation not permitted
epyc008.hpc.rd.areasciencepark.it:rank131.Run6-5: Failed to modify UD QP to INIT on ibp161s0: Operation not permitted
epyc008.hpc.rd.areasciencepark.it:rank139.Run6-5: Failed to modify UD QP to INIT on ibp161s0: Operation not permitted
epyc008.hpc.rd.areasciencepark.it:rank143.Run6-5: Failed to modify UD QP to INIT on ibp161s0: Operation not permitted
epyc008.hpc.rd.areasciencepark.it:rank139.Run6-5: Failed to modify UD QP to INIT on ibp161s0: Operation not permitted
epyc008.hpc.rd.areasciencepark.it:rank137.Run6-5: Failed to modify UD QP to INIT on ibp161s0: Operation not permitted
epyc008.hpc.rd.areasciencepark.it:rank128.Run6-5: Failed to modify UD QP to INIT on ibp161s0: Operation not permitted
epyc008.hpc.rd.areasciencepark.it:rank132.Run6-5: Failed to modify UD QP to INIT on ibp161s0: Operation not permitted
epyc008.hpc.rd.areasciencepark.it:rank143.Run6-5: Failed to modify UD QP to INIT on ibp161s0: Operation not permitted
epyc008.hpc.rd.areasciencepark.it:rank140.Run6-5: Failed to modify UD QP to INIT on ibp161s0: Operation not permitted
epyc008.hpc.rd.areasciencepark.it:rank137.Run6-5: Failed to modify UD QP to INIT on ibp161s0: Operation not permitted
epyc008.hpc.rd.areasciencepark.it:rank132.Run6-5: Failed to modify UD QP to INIT on ibp161s0: Operation not permitted
epyc008.hpc.rd.areasciencepark.it:rank128.Run6-5: Failed to modify UD QP to INIT on ibp161s0: Operation not permitted
epyc008.hpc.rd.areasciencepark.it:rank140.Run6-5: Failed to modify UD QP to INIT on ibp161s0: Operation not permitted
epyc008.hpc.rd.areasciencepark.it:rank136.Run6-5: Failed to modify UD QP to INIT on ibp161s0: Operation not permitted
epyc008.hpc.rd.areasciencepark.it:rank147.Run6-5: Failed to modify UD QP to INIT on ibp161s0: Operation not permitted
epyc008.hpc.rd.areasciencepark.it:rank142.Run6-5: Failed to modify UD QP to INIT on ibp161s0: Operation not permitted
epyc008.hpc.rd.areasciencepark.it:rank141.Run6-5: Failed to modify UD QP to INIT on ibp161s0: Operation not permitted
epyc008.hpc.rd.areasciencepark.it:rank140.Run6-5: Failed to modify UD QP to INIT on ibp161s0: Operation not permitted
epyc008.hpc.rd.areasciencepark.it:rank147.Run6-5: Failed to modify UD QP to INIT on ibp161s0: Operation not permitted
epyc008.hpc.rd.areasciencepark.it:rank136.Run6-5: Failed to modify UD QP to INIT on ibp161s0: Operation not permitted
epyc008.hpc.rd.areasciencepark.it:rank142.Run6-5: Failed to modify UD QP to INIT on ibp161s0: Operation not permitted
epyc008.hpc.rd.areasciencepark.it:rank141.Run6-5: Failed to modify UD QP to INIT on ibp161s0: Operation not permitted
epyc008.hpc.rd.areasciencepark.it:rank147.Run6-5: Failed to modify UD QP to INIT on ibp161s0: Operation not permitted
epyc008.hpc.rd.areasciencepark.it:rank136.Run6-5: Failed to modify UD QP to INIT on ibp161s0: Operation not permitted
epyc008.hpc.rd.areasciencepark.it:rank142.Run6-5: Failed to modify UD QP to INIT on ibp161s0: Operation not permitted
epyc008.hpc.rd.areasciencepark.it:rank141.Run6-5: Failed to modify UD QP to INIT on ibp161s0: Operation not permitted
epyc008.hpc.rd.areasciencepark.it:rank146.Run6-5: Failed to modify UD QP to INIT on ibp161s0: Operation not permitted
epyc008.hpc.rd.areasciencepark.it:rank146.Run6-5: Failed to modify UD QP to INIT on ibp161s0: Operation not permitted
epyc008.hpc.rd.areasciencepark.it:rank149.Run6-5: Failed to modify UD QP to INIT on ibp161s0: Operation not permitted
epyc008.hpc.rd.areasciencepark.it:rank146.Run6-5: Failed to modify UD QP to INIT on ibp161s0: Operation not permitted
epyc008.hpc.rd.areasciencepark.it:rank165.Run6-5: Failed to modify UD QP to INIT on ibp161s0: Operation not permitted
epyc008.hpc.rd.areasciencepark.it:rank149.Run6-5: Failed to modify UD QP to INIT on ibp161s0: Operation not permitted
epyc008.hpc.rd.areasciencepark.it:rank162.Run6-5: Failed to modify UD QP to INIT on ibp161s0: Operation not permitted
epyc008.hpc.rd.areasciencepark.it:rank149.Run6-5: Failed to modify UD QP to INIT on ibp161s0: Operation not permitted
epyc008.hpc.rd.areasciencepark.it:rank165.Run6-5: Failed to modify UD QP to INIT on ibp161s0: Operation not permitted
epyc008.hpc.rd.areasciencepark.it:rank162.Run6-5: Failed to modify UD QP to INIT on ibp161s0: Operation not permitted
epyc008.hpc.rd.areasciencepark.it:rank151.Run6-5: Failed to modify UD QP to INIT on ibp161s0: Operation not permitted
epyc008.hpc.rd.areasciencepark.it:rank167.Run6-5: Failed to modify UD QP to INIT on ibp161s0: Operation not permitted
epyc008.hpc.rd.areasciencepark.it:rank155.Run6-5: Failed to modify UD QP to INIT on ibp161s0: Operation not permitted
epyc008.hpc.rd.areasciencepark.it:rank165.Run6-5: Failed to modify UD QP to INIT on ibp161s0: Operation not permitted
epyc008.hpc.rd.areasciencepark.it:rank162.Run6-5: Failed to modify UD QP to INIT on ibp161s0: Operation not permitted
epyc008.hpc.rd.areasciencepark.it:rank151.Run6-5: Failed to modify UD QP to INIT on ibp161s0: Operation not permitted
epyc008.hpc.rd.areasciencepark.it:rank157.Run6-5: Failed to modify UD QP to INIT on ibp161s0: Operation not permitted
epyc008.hpc.rd.areasciencepark.it:rank167.Run6-5: Failed to modify UD QP to INIT on ibp161s0: Operation not permitted
epyc008.hpc.rd.areasciencepark.it:rank159.Run6-5: Failed to modify UD QP to INIT on ibp161s0: Operation not permitted
epyc008.hpc.rd.areasciencepark.it:rank155.Run6-5: Failed to modify UD QP to INIT on ibp161s0: Operation not permitted
epyc008.hpc.rd.areasciencepark.it:rank151.Run6-5: Failed to modify UD QP to INIT on ibp161s0: Operation not permitted
epyc008.hpc.rd.areasciencepark.it:rank157.Run6-5: Failed to modify UD QP to INIT on ibp161s0: Operation not permitted
epyc008.hpc.rd.areasciencepark.it:rank167.Run6-5: Failed to modify UD QP to INIT on ibp161s0: Operation not permitted
epyc008.hpc.rd.areasciencepark.it:rank155.Run6-5: Failed to modify UD QP to INIT on ibp161s0: Operation not permitted
epyc008.hpc.rd.areasciencepark.it:rank159.Run6-5: Failed to modify UD QP to INIT on ibp161s0: Operation not permitted
epyc008.hpc.rd.areasciencepark.it:rank157.Run6-5: Failed to modify UD QP to INIT on ibp161s0: Operation not permitted
epyc008.hpc.rd.areasciencepark.it:rank159.Run6-5: Failed to modify UD QP to INIT on ibp161s0: Operation not permitted
epyc008.hpc.rd.areasciencepark.it:rank153.Run6-5: Failed to modify UD QP to INIT on ibp161s0: Operation not permitted
epyc008.hpc.rd.areasciencepark.it:rank154.Run6-5: Failed to modify UD QP to INIT on ibp161s0: Operation not permitted
epyc008.hpc.rd.areasciencepark.it:rank161.Run6-5: Failed to modify UD QP to INIT on ibp161s0: Operation not permitted
epyc008.hpc.rd.areasciencepark.it:rank170.Run6-5: Failed to modify UD QP to INIT on ibp161s0: Operation not permitted
epyc008.hpc.rd.areasciencepark.it:rank153.Run6-5: Failed to modify UD QP to INIT on ibp161s0: Operation not permitted
epyc008.hpc.rd.areasciencepark.it:rank163.Run6-5: Failed to modify UD QP to INIT on ibp161s0: Operation not permitted
epyc008.hpc.rd.areasciencepark.it:rank154.Run6-5: Failed to modify UD QP to INIT on ibp161s0: Operation not permitted
epyc008.hpc.rd.areasciencepark.it:rank153.Run6-5: Failed to modify UD QP to INIT on ibp161s0: Operation not permitted
epyc008.hpc.rd.areasciencepark.it:rank161.Run6-5: Failed to modify UD QP to INIT on ibp161s0: Operation not permitted
epyc008.hpc.rd.areasciencepark.it:rank170.Run6-5: Failed to modify UD QP to INIT on ibp161s0: Operation not permitted
epyc008.hpc.rd.areasciencepark.it:rank163.Run6-5: Failed to modify UD QP to INIT on ibp161s0: Operation not permitted
epyc008.hpc.rd.areasciencepark.it:rank154.Run6-5: Failed to modify UD QP to INIT on ibp161s0: Operation not permitted
epyc008.hpc.rd.areasciencepark.it:rank170.Run6-5: Failed to modify UD QP to INIT on ibp161s0: Operation not permitted
epyc008.hpc.rd.areasciencepark.it:rank161.Run6-5: Failed to modify UD QP to INIT on ibp161s0: Operation not permitted
epyc008.hpc.rd.areasciencepark.it:rank163.Run6-5: Failed to modify UD QP to INIT on ibp161s0: Operation not permitted
epyc008.hpc.rd.areasciencepark.it:rank173.Run6-5: Failed to modify UD QP to INIT on ibp161s0: Operation not permitted
epyc008.hpc.rd.areasciencepark.it:rank145.Run6-5: Failed to modify UD QP to INIT on ibp161s0: Operation not permitted
epyc008.hpc.rd.areasciencepark.it:rank174.Run6-5: Failed to modify UD QP to INIT on ibp161s0: Operation not permitted
epyc008.hpc.rd.areasciencepark.it:rank169.Run6-5: Failed to modify UD QP to INIT on ibp161s0: Operation not permitted
epyc008.hpc.rd.areasciencepark.it:rank173.Run6-5: Failed to modify UD QP to INIT on ibp161s0: Operation not permitted
epyc008.hpc.rd.areasciencepark.it:rank158.Run6-5: Failed to modify UD QP to INIT on ibp161s0: Operation not permitted
epyc008.hpc.rd.areasciencepark.it:rank173.Run6-5: Failed to modify UD QP to INIT on ibp161s0: Operation not permitted
epyc008.hpc.rd.areasciencepark.it:rank174.Run6-5: Failed to modify UD QP to INIT on ibp161s0: Operation not permitted
epyc008.hpc.rd.areasciencepark.it:rank145.Run6-5: Failed to modify UD QP to INIT on ibp161s0: Operation not permitted
epyc008.hpc.rd.areasciencepark.it:rank169.Run6-5: Failed to modify UD QP to INIT on ibp161s0: Operation not permitted
epyc008.hpc.rd.areasciencepark.it:rank158.Run6-5: Failed to modify UD QP to INIT on ibp161s0: Operation not permitted
epyc008.hpc.rd.areasciencepark.it:rank174.Run6-5: Failed to modify UD QP to INIT on ibp161s0: Operation not permitted
epyc008.hpc.rd.areasciencepark.it:rank145.Run6-5: Failed to modify UD QP to INIT on ibp161s0: Operation not permitted
epyc008.hpc.rd.areasciencepark.it:rank169.Run6-5: Failed to modify UD QP to INIT on ibp161s0: Operation not permitted
epyc008.hpc.rd.areasciencepark.it:rank158.Run6-5: Failed to modify UD QP to INIT on ibp161s0: Operation not permitted
epyc008.hpc.rd.areasciencepark.it:rank171.Run6-5: Failed to modify UD QP to INIT on ibp161s0: Operation not permitted
epyc008.hpc.rd.areasciencepark.it:rank171.Run6-5: Failed to modify UD QP to INIT on ibp161s0: Operation not permitted
epyc008.hpc.rd.areasciencepark.it:rank171.Run6-5: Failed to modify UD QP to INIT on ibp161s0: Operation not permitted
epyc008.hpc.rd.areasciencepark.it:rank177.Run6-5: Failed to modify UD QP to INIT on ibp161s0: Operation not permitted
epyc008.hpc.rd.areasciencepark.it:rank177.Run6-5: Failed to modify UD QP to INIT on ibp161s0: Operation not permitted
epyc008.hpc.rd.areasciencepark.it:rank177.Run6-5: Failed to modify UD QP to INIT on ibp161s0: Operation not permitted
epyc008.hpc.rd.areasciencepark.it:rank150.Run6-5: Failed to modify UD QP to INIT on ibp161s0: Operation not permitted
epyc008.hpc.rd.areasciencepark.it:rank179.Run6-5: Failed to modify UD QP to INIT on ibp161s0: Operation not permitted
epyc008.hpc.rd.areasciencepark.it:rank150.Run6-5: Failed to modify UD QP to INIT on ibp161s0: Operation not permitted
epyc008.hpc.rd.areasciencepark.it:rank179.Run6-5: Failed to modify UD QP to INIT on ibp161s0: Operation not permitted
epyc008.hpc.rd.areasciencepark.it:rank179.Run6-5: Failed to modify UD QP to INIT on ibp161s0: Operation not permitted
epyc008.hpc.rd.areasciencepark.it:rank150.Run6-5: Failed to modify UD QP to INIT on ibp161s0: Operation not permitted
epyc008.hpc.rd.areasciencepark.it:rank191.Run6-5: Failed to modify UD QP to INIT on ibp161s0: Operation not permitted
epyc008.hpc.rd.areasciencepark.it:rank175.Run6-5: Failed to modify UD QP to INIT on ibp161s0: Operation not permitted
epyc008.hpc.rd.areasciencepark.it:rank191.Run6-5: Failed to modify UD QP to INIT on ibp161s0: Operation not permitted
epyc008.hpc.rd.areasciencepark.it:rank175.Run6-5: Failed to modify UD QP to INIT on ibp161s0: Operation not permitted
epyc008.hpc.rd.areasciencepark.it:rank191.Run6-5: Failed to modify UD QP to INIT on ibp161s0: Operation not permitted
epyc008.hpc.rd.areasciencepark.it:rank175.Run6-5: Failed to modify UD QP to INIT on ibp161s0: Operation not permitted
epyc008.hpc.rd.areasciencepark.it:rank178.Run6-5: Failed to modify UD QP to INIT on ibp161s0: Operation not permitted
epyc008.hpc.rd.areasciencepark.it:rank166.Run6-5: Failed to modify UD QP to INIT on ibp161s0: Operation not permitted
epyc008.hpc.rd.areasciencepark.it:rank178.Run6-5: Failed to modify UD QP to INIT on ibp161s0: Operation not permitted
epyc008.hpc.rd.areasciencepark.it:rank166.Run6-5: Failed to modify UD QP to INIT on ibp161s0: Operation not permitted
epyc008.hpc.rd.areasciencepark.it:rank178.Run6-5: Failed to modify UD QP to INIT on ibp161s0: Operation not permitted
epyc008.hpc.rd.areasciencepark.it:rank166.Run6-5: Failed to modify UD QP to INIT on ibp161s0: Operation not permitted
epyc008.hpc.rd.areasciencepark.it:rank187.Run6-5: Failed to modify UD QP to INIT on ibp161s0: Operation not permitted
epyc008.hpc.rd.areasciencepark.it:rank186.Run6-5: Failed to modify UD QP to INIT on ibp161s0: Operation not permitted
epyc008.hpc.rd.areasciencepark.it:rank187.Run6-5: Failed to modify UD QP to INIT on ibp161s0: Operation not permitted
epyc008.hpc.rd.areasciencepark.it:rank185.Run6-5: Failed to modify UD QP to INIT on ibp161s0: Operation not permitted
epyc008.hpc.rd.areasciencepark.it:rank187.Run6-5: Failed to modify UD QP to INIT on ibp161s0: Operation not permitted
epyc008.hpc.rd.areasciencepark.it:rank186.Run6-5: Failed to modify UD QP to INIT on ibp161s0: Operation not permitted
epyc008.hpc.rd.areasciencepark.it:rank185.Run6-5: Failed to modify UD QP to INIT on ibp161s0: Operation not permitted
epyc008.hpc.rd.areasciencepark.it:rank182.Run6-5: Failed to modify UD QP to INIT on ibp161s0: Operation not permitted
epyc008.hpc.rd.areasciencepark.it:rank186.Run6-5: Failed to modify UD QP to INIT on ibp161s0: Operation not permitted
epyc008.hpc.rd.areasciencepark.it:rank185.Run6-5: Failed to modify UD QP to INIT on ibp161s0: Operation not permitted
epyc008.hpc.rd.areasciencepark.it:rank182.Run6-5: Failed to modify UD QP to INIT on ibp161s0: Operation not permitted
epyc008.hpc.rd.areasciencepark.it:rank198.Run6-5: Failed to modify UD QP to INIT on ibp161s0: Operation not permitted
epyc008.hpc.rd.areasciencepark.it:rank182.Run6-5: Failed to modify UD QP to INIT on ibp161s0: Operation not permitted
epyc008.hpc.rd.areasciencepark.it:rank183.Run6-5: Failed to modify UD QP to INIT on ibp161s0: Operation not permitted
epyc008.hpc.rd.areasciencepark.it:rank181.Run6-5: Failed to modify UD QP to INIT on ibp161s0: Operation not permitted
epyc008.hpc.rd.areasciencepark.it:rank198.Run6-5: Failed to modify UD QP to INIT on ibp161s0: Operation not permitted
epyc008.hpc.rd.areasciencepark.it:rank190.Run6-5: Failed to modify UD QP to INIT on ibp161s0: Operation not permitted
epyc008.hpc.rd.areasciencepark.it:rank183.Run6-5: Failed to modify UD QP to INIT on ibp161s0: Operation not permitted
epyc008.hpc.rd.areasciencepark.it:rank198.Run6-5: Failed to modify UD QP to INIT on ibp161s0: Operation not permitted
epyc008.hpc.rd.areasciencepark.it:rank181.Run6-5: Failed to modify UD QP to INIT on ibp161s0: Operation not permitted
epyc008.hpc.rd.areasciencepark.it:rank183.Run6-5: Failed to modify UD QP to INIT on ibp161s0: Operation not permitted
epyc008.hpc.rd.areasciencepark.it:rank181.Run6-5: Failed to modify UD QP to INIT on ibp161s0: Operation not permitted
epyc008.hpc.rd.areasciencepark.it:rank190.Run6-5: Failed to modify UD QP to INIT on ibp161s0: Operation not permitted
epyc008.hpc.rd.areasciencepark.it:rank189.Run6-5: Failed to modify UD QP to INIT on ibp161s0: Operation not permitted
epyc008.hpc.rd.areasciencepark.it:rank190.Run6-5: Failed to modify UD QP to INIT on ibp161s0: Operation not permitted
epyc008.hpc.rd.areasciencepark.it:rank189.Run6-5: Failed to modify UD QP to INIT on ibp161s0: Operation not permitted
epyc008.hpc.rd.areasciencepark.it:rank189.Run6-5: Failed to modify UD QP to INIT on ibp161s0: Operation not permitted
epyc008.hpc.rd.areasciencepark.it:rank245.Run6-5: Failed to modify UD QP to INIT on ibp161s0: Operation not permitted
epyc008.hpc.rd.areasciencepark.it:rank245.Run6-5: Failed to modify UD QP to INIT on ibp161s0: Operation not permitted
epyc008.hpc.rd.areasciencepark.it:rank245.Run6-5: Failed to modify UD QP to INIT on ibp161s0: Operation not permitted
epyc008.hpc.rd.areasciencepark.it:rank194.Run6-5: Failed to modify UD QP to INIT on ibp161s0: Operation not permitted
epyc008.hpc.rd.areasciencepark.it:rank194.Run6-5: Failed to modify UD QP to INIT on ibp161s0: Operation not permitted
epyc008.hpc.rd.areasciencepark.it:rank194.Run6-5: Failed to modify UD QP to INIT on ibp161s0: Operation not permitted
epyc008.hpc.rd.areasciencepark.it:rank210.Run6-5: Failed to modify UD QP to INIT on ibp161s0: Operation not permitted
epyc008.hpc.rd.areasciencepark.it:rank254.Run6-5: Failed to modify UD QP to INIT on ibp161s0: Operation not permitted
epyc008.hpc.rd.areasciencepark.it:rank210.Run6-5: Failed to modify UD QP to INIT on ibp161s0: Operation not permitted
epyc008.hpc.rd.areasciencepark.it:rank210.Run6-5: Failed to modify UD QP to INIT on ibp161s0: Operation not permitted
epyc008.hpc.rd.areasciencepark.it:rank254.Run6-5: Failed to modify UD QP to INIT on ibp161s0: Operation not permitted
epyc008.hpc.rd.areasciencepark.it:rank254.Run6-5: Failed to modify UD QP to INIT on ibp161s0: Operation not permitted
epyc008.hpc.rd.areasciencepark.it:rank238.Run6-5: Failed to modify UD QP to INIT on ibp161s0: Operation not permitted
epyc008.hpc.rd.areasciencepark.it:rank237.Run6-5: Failed to modify UD QP to INIT on ibp161s0: Operation not permitted
epyc008.hpc.rd.areasciencepark.it:rank238.Run6-5: Failed to modify UD QP to INIT on ibp161s0: Operation not permitted
epyc008.hpc.rd.areasciencepark.it:rank237.Run6-5: Failed to modify UD QP to INIT on ibp161s0: Operation not permitted
epyc008.hpc.rd.areasciencepark.it:rank238.Run6-5: Failed to modify UD QP to INIT on ibp161s0: Operation not permitted
epyc008.hpc.rd.areasciencepark.it:rank135.Run6-5: Failed to modify UD QP to INIT on ibp161s0: Operation not permitted
epyc008.hpc.rd.areasciencepark.it:rank237.Run6-5: Failed to modify UD QP to INIT on ibp161s0: Operation not permitted
--------------------------------------------------------------------------
Open MPI failed an OFI Libfabric library call (fi_endpoint).  This is highly
unusual; your job may behave unpredictably (and/or abort) after this.

  Local host: epyc008
  Location: mtl_ofi_component.c:509
  Error: Invalid argument (22)
--------------------------------------------------------------------------
epyc008.hpc.rd.areasciencepark.it:rank176.Run6-5: Failed to modify UD QP to INIT on ibp161s0: Operation not permitted
epyc008.hpc.rd.areasciencepark.it:rank176.Run6-5: Failed to modify UD QP to INIT on ibp161s0: Operation not permitted
epyc008.hpc.rd.areasciencepark.it:rank130.Run6-5: Failed to modify UD QP to INIT on ibp161s0: Operation not permitted
epyc008.hpc.rd.areasciencepark.it:rank129.Run6-5: Failed to modify UD QP to INIT on ibp161s0: Operation not permitted
epyc008.hpc.rd.areasciencepark.it:rank176.Run6-5: Failed to modify UD QP to INIT on ibp161s0: Operation not permitted
epyc008.hpc.rd.areasciencepark.it:rank141.Run6-5: Failed to modify UD QP to INIT on ibp161s0: Operation not permitted
epyc008.hpc.rd.areasciencepark.it:rank137.Run6-5: Failed to modify UD QP to INIT on ibp161s0: Operation not permitted
epyc008.hpc.rd.areasciencepark.it:rank134.Run6-5: Failed to modify UD QP to INIT on ibp161s0: Operation not permitted
epyc008.hpc.rd.areasciencepark.it:rank133.Run6-5: Failed to modify UD QP to INIT on ibp161s0: Operation not permitted
epyc008.hpc.rd.areasciencepark.it:rank193.Run6-5: Failed to modify UD QP to INIT on ibp161s0: Operation not permitted
epyc008.hpc.rd.areasciencepark.it:rank128.Run6-5: Failed to modify UD QP to INIT on ibp161s0: Operation not permitted
epyc008.hpc.rd.areasciencepark.it:rank193.Run6-5: Failed to modify UD QP to INIT on ibp161s0: Operation not permitted
epyc008.hpc.rd.areasciencepark.it:rank193.Run6-5: Failed to modify UD QP to INIT on ibp161s0: Operation not permitted
epyc008.hpc.rd.areasciencepark.it:rank213.Run6-5: Failed to modify UD QP to INIT on ibp161s0: Operation not permitted
epyc008.hpc.rd.areasciencepark.it:rank131.Run6-5: Failed to modify UD QP to INIT on ibp161s0: Operation not permitted
epyc008.hpc.rd.areasciencepark.it:rank213.Run6-5: Failed to modify UD QP to INIT on ibp161s0: Operation not permitted
epyc008.hpc.rd.areasciencepark.it:rank213.Run6-5: Failed to modify UD QP to INIT on ibp161s0: Operation not permitted
epyc008.hpc.rd.areasciencepark.it:rank142.Run6-5: Failed to modify UD QP to INIT on ibp161s0: Operation not permitted
epyc008.hpc.rd.areasciencepark.it:rank240.Run6-5: Failed to modify UD QP to INIT on ibp161s0: Operation not permitted
epyc008.hpc.rd.areasciencepark.it:rank132.Run6-5: Failed to modify UD QP to INIT on ibp161s0: Operation not permitted
epyc008.hpc.rd.areasciencepark.it:rank205.Run6-5: Failed to modify UD QP to INIT on ibp161s0: Operation not permitted
epyc008.hpc.rd.areasciencepark.it:rank138.Run6-5: Failed to modify UD QP to INIT on ibp161s0: Operation not permitted
epyc008.hpc.rd.areasciencepark.it:rank240.Run6-5: Failed to modify UD QP to INIT on ibp161s0: Operation not permitted
epyc008.hpc.rd.areasciencepark.it:rank197.Run6-5: Failed to modify UD QP to INIT on ibp161s0: Operation not permitted
epyc008.hpc.rd.areasciencepark.it:rank143.Run6-5: Failed to modify UD QP to INIT on ibp161s0: Operation not permitted
epyc008.hpc.rd.areasciencepark.it:rank205.Run6-5: Failed to modify UD QP to INIT on ibp161s0: Operation not permitted
epyc008.hpc.rd.areasciencepark.it:rank240.Run6-5: Failed to modify UD QP to INIT on ibp161s0: Operation not permitted
epyc008.hpc.rd.areasciencepark.it:rank197.Run6-5: Failed to modify UD QP to INIT on ibp161s0: Operation not permitted
epyc008.hpc.rd.areasciencepark.it:rank205.Run6-5: Failed to modify UD QP to INIT on ibp161s0: Operation not permitted
epyc008.hpc.rd.areasciencepark.it:rank197.Run6-5: Failed to modify UD QP to INIT on ibp161s0: Operation not permitted
epyc008.hpc.rd.areasciencepark.it:rank147.Run6-5: Failed to modify UD QP to INIT on ibp161s0: Operation not permitted
epyc008.hpc.rd.areasciencepark.it:rank140.Run6-5: Failed to modify UD QP to INIT on ibp161s0: Operation not permitted
epyc008.hpc.rd.areasciencepark.it:rank222.Run6-5: Failed to modify UD QP to INIT on ibp161s0: Operation not permitted
epyc008.hpc.rd.areasciencepark.it:rank167.Run6-5: Failed to modify UD QP to INIT on ibp161s0: Operation not permitted
epyc008.hpc.rd.areasciencepark.it:rank222.Run6-5: Failed to modify UD QP to INIT on ibp161s0: Operation not permitted
epyc008.hpc.rd.areasciencepark.it:rank152.Run6-5: Failed to modify UD QP to INIT on ibp161s0: Operation not permitted
epyc008.hpc.rd.areasciencepark.it:rank222.Run6-5: Failed to modify UD QP to INIT on ibp161s0: Operation not permitted
epyc008.hpc.rd.areasciencepark.it:rank152.Run6-5: Failed to modify UD QP to INIT on ibp161s0: Operation not permitted
epyc008.hpc.rd.areasciencepark.it:rank139.Run6-5: Failed to modify UD QP to INIT on ibp161s0: Operation not permitted
epyc008.hpc.rd.areasciencepark.it:rank152.Run6-5: Failed to modify UD QP to INIT on ibp161s0: Operation not permitted
epyc008.hpc.rd.areasciencepark.it:rank165.Run6-5: Failed to modify UD QP to INIT on ibp161s0: Operation not permitted
epyc008.hpc.rd.areasciencepark.it:rank136.Run6-5: Failed to modify UD QP to INIT on ibp161s0: Operation not permitted
epyc008.hpc.rd.areasciencepark.it:rank148.Run6-5: Failed to modify UD QP to INIT on ibp161s0: Operation not permitted
epyc008.hpc.rd.areasciencepark.it:rank239.Run6-5: Failed to modify UD QP to INIT on ibp161s0: Operation not permitted
epyc008.hpc.rd.areasciencepark.it:rank148.Run6-5: Failed to modify UD QP to INIT on ibp161s0: Operation not permitted
epyc008.hpc.rd.areasciencepark.it:rank239.Run6-5: Failed to modify UD QP to INIT on ibp161s0: Operation not permitted
epyc008.hpc.rd.areasciencepark.it:rank159.Run6-5: Failed to modify UD QP to INIT on ibp161s0: Operation not permitted
epyc008.hpc.rd.areasciencepark.it:rank148.Run6-5: Failed to modify UD QP to INIT on ibp161s0: Operation not permitted
epyc008.hpc.rd.areasciencepark.it:rank239.Run6-5: Failed to modify UD QP to INIT on ibp161s0: Operation not permitted
epyc008.hpc.rd.areasciencepark.it:rank151.Run6-5: Failed to modify UD QP to INIT on ibp161s0: Operation not permitted
epyc008.hpc.rd.areasciencepark.it:rank157.Run6-5: Failed to modify UD QP to INIT on ibp161s0: Operation not permitted
epyc008.hpc.rd.areasciencepark.it:rank149.Run6-5: Failed to modify UD QP to INIT on ibp161s0: Operation not permitted
epyc008.hpc.rd.areasciencepark.it:rank173.Run6-5: Failed to modify UD QP to INIT on ibp161s0: Operation not permitted
epyc008.hpc.rd.areasciencepark.it:rank144.Run6-5: Failed to modify UD QP to INIT on ibp161s0: Operation not permitted
epyc008.hpc.rd.areasciencepark.it:rank144.Run6-5: Failed to modify UD QP to INIT on ibp161s0: Operation not permitted
epyc008.hpc.rd.areasciencepark.it:rank146.Run6-5: Failed to modify UD QP to INIT on ibp161s0: Operation not permitted
epyc008.hpc.rd.areasciencepark.it:rank144.Run6-5: Failed to modify UD QP to INIT on ibp161s0: Operation not permitted
epyc008.hpc.rd.areasciencepark.it:rank188.Run6-5: Failed to modify UD QP to INIT on ibp161s0: Operation not permitted
epyc008.hpc.rd.areasciencepark.it:rank164.Run6-5: Failed to modify UD QP to INIT on ibp161s0: Operation not permitted
epyc008.hpc.rd.areasciencepark.it:rank188.Run6-5: Failed to modify UD QP to INIT on ibp161s0: Operation not permitted
epyc008.hpc.rd.areasciencepark.it:rank153.Run6-5: Failed to modify UD QP to INIT on ibp161s0: Operation not permitted
epyc008.hpc.rd.areasciencepark.it:rank164.Run6-5: Failed to modify UD QP to INIT on ibp161s0: Operation not permitted
epyc008.hpc.rd.areasciencepark.it:rank172.Run6-5: Failed to modify UD QP to INIT on ibp161s0: Operation not permitted
epyc008.hpc.rd.areasciencepark.it:rank188.Run6-5: Failed to modify UD QP to INIT on ibp161s0: Operation not permitted
epyc008.hpc.rd.areasciencepark.it:rank164.Run6-5: Failed to modify UD QP to INIT on ibp161s0: Operation not permitted
epyc008.hpc.rd.areasciencepark.it:rank195.Run6-5: Failed to modify UD QP to INIT on ibp161s0: Operation not permitted
epyc008.hpc.rd.areasciencepark.it:rank172.Run6-5: Failed to modify UD QP to INIT on ibp161s0: Operation not permitted
epyc008.hpc.rd.areasciencepark.it:rank207.Run6-5: Failed to modify UD QP to INIT on ibp161s0: Operation not permitted
epyc008.hpc.rd.areasciencepark.it:rank172.Run6-5: Failed to modify UD QP to INIT on ibp161s0: Operation not permitted
epyc008.hpc.rd.areasciencepark.it:rank195.Run6-5: Failed to modify UD QP to INIT on ibp161s0: Operation not permitted
epyc008.hpc.rd.areasciencepark.it:rank242.Run6-5: Failed to modify UD QP to INIT on ibp161s0: Operation not permitted
epyc008.hpc.rd.areasciencepark.it:rank162.Run6-5: Failed to modify UD QP to INIT on ibp161s0: Operation not permitted
epyc008.hpc.rd.areasciencepark.it:rank207.Run6-5: Failed to modify UD QP to INIT on ibp161s0: Operation not permitted
epyc008.hpc.rd.areasciencepark.it:rank178.Run6-5: Failed to modify UD QP to INIT on ibp161s0: Operation not permitted
epyc008.hpc.rd.areasciencepark.it:rank195.Run6-5: Failed to modify UD QP to INIT on ibp161s0: Operation not permitted
epyc008.hpc.rd.areasciencepark.it:rank244.Run6-5: Failed to modify UD QP to INIT on ibp161s0: Operation not permitted
epyc008.hpc.rd.areasciencepark.it:rank207.Run6-5: Failed to modify UD QP to INIT on ibp161s0: Operation not permitted
epyc008.hpc.rd.areasciencepark.it:rank242.Run6-5: Failed to modify UD QP to INIT on ibp161s0: Operation not permitted
epyc008.hpc.rd.areasciencepark.it:rank242.Run6-5: Failed to modify UD QP to INIT on ibp161s0: Operation not permitted
epyc008.hpc.rd.areasciencepark.it:rank244.Run6-5: Failed to modify UD QP to INIT on ibp161s0: Operation not permitted
epyc008.hpc.rd.areasciencepark.it:rank200.Run6-5: Failed to modify UD QP to INIT on ibp161s0: Operation not permitted
epyc008.hpc.rd.areasciencepark.it:rank244.Run6-5: Failed to modify UD QP to INIT on ibp161s0: Operation not permitted
epyc008.hpc.rd.areasciencepark.it:rank200.Run6-5: Failed to modify UD QP to INIT on ibp161s0: Operation not permitted
epyc008.hpc.rd.areasciencepark.it:rank199.Run6-5: Failed to modify UD QP to INIT on ibp161s0: Operation not permitted
epyc008.hpc.rd.areasciencepark.it:rank210.Run6-5: Failed to modify UD QP to INIT on ibp161s0: Operation not permitted
epyc008.hpc.rd.areasciencepark.it:rank161.Run6-5: Failed to modify UD QP to INIT on ibp161s0: Operation not permitted
epyc008.hpc.rd.areasciencepark.it:rank200.Run6-5: Failed to modify UD QP to INIT on ibp161s0: Operation not permitted
epyc008.hpc.rd.areasciencepark.it:rank160.Run6-5: Failed to modify UD QP to INIT on ibp161s0: Operation not permitted
epyc008.hpc.rd.areasciencepark.it:rank237.Run6-5: Failed to modify UD QP to INIT on ibp161s0: Operation not permitted
epyc008.hpc.rd.areasciencepark.it:rank209.Run6-5: Failed to modify UD QP to INIT on ibp161s0: Operation not permitted
epyc008.hpc.rd.areasciencepark.it:rank177.Run6-5: Failed to modify UD QP to INIT on ibp161s0: Operation not permitted
epyc008.hpc.rd.areasciencepark.it:rank199.Run6-5: Failed to modify UD QP to INIT on ibp161s0: Operation not permitted
epyc008.hpc.rd.areasciencepark.it:rank192.Run6-5: Failed to modify UD QP to INIT on ibp161s0: Operation not permitted
epyc008.hpc.rd.areasciencepark.it:rank160.Run6-5: Failed to modify UD QP to INIT on ibp161s0: Operation not permitted
epyc008.hpc.rd.areasciencepark.it:rank231.Run6-5: Failed to modify UD QP to INIT on ibp161s0: Operation not permitted
epyc008.hpc.rd.areasciencepark.it:rank174.Run6-5: Failed to modify UD QP to INIT on ibp161s0: Operation not permitted
epyc008.hpc.rd.areasciencepark.it:rank199.Run6-5: Failed to modify UD QP to INIT on ibp161s0: Operation not permitted
epyc008.hpc.rd.areasciencepark.it:rank215.Run6-5: Failed to modify UD QP to INIT on ibp161s0: Operation not permitted
epyc008.hpc.rd.areasciencepark.it:rank209.Run6-5: Failed to modify UD QP to INIT on ibp161s0: Operation not permitted
epyc008.hpc.rd.areasciencepark.it:rank192.Run6-5: Failed to modify UD QP to INIT on ibp161s0: Operation not permitted
epyc008.hpc.rd.areasciencepark.it:rank160.Run6-5: Failed to modify UD QP to INIT on ibp161s0: Operation not permitted
epyc008.hpc.rd.areasciencepark.it:rank201.Run6-5: Failed to modify UD QP to INIT on ibp161s0: Operation not permitted
epyc008.hpc.rd.areasciencepark.it:rank209.Run6-5: Failed to modify UD QP to INIT on ibp161s0: Operation not permitted
epyc008.hpc.rd.areasciencepark.it:rank231.Run6-5: Failed to modify UD QP to INIT on ibp161s0: Operation not permitted
epyc008.hpc.rd.areasciencepark.it:rank215.Run6-5: Failed to modify UD QP to INIT on ibp161s0: Operation not permitted
epyc008.hpc.rd.areasciencepark.it:rank192.Run6-5: Failed to modify UD QP to INIT on ibp161s0: Operation not permitted
epyc008.hpc.rd.areasciencepark.it:rank231.Run6-5: Failed to modify UD QP to INIT on ibp161s0: Operation not permitted
epyc008.hpc.rd.areasciencepark.it:rank201.Run6-5: Failed to modify UD QP to INIT on ibp161s0: Operation not permitted
epyc008.hpc.rd.areasciencepark.it:rank223.Run6-5: Failed to modify UD QP to INIT on ibp161s0: Operation not permitted
epyc008.hpc.rd.areasciencepark.it:rank215.Run6-5: Failed to modify UD QP to INIT on ibp161s0: Operation not permitted
epyc008.hpc.rd.areasciencepark.it:rank203.Run6-5: Failed to modify UD QP to INIT on ibp161s0: Operation not permitted
epyc008.hpc.rd.areasciencepark.it:rank206.Run6-5: Failed to modify UD QP to INIT on ibp161s0: Operation not permitted
epyc008.hpc.rd.areasciencepark.it:rank219.Run6-5: Failed to modify UD QP to INIT on ibp161s0: Operation not permitted
epyc008.hpc.rd.areasciencepark.it:rank228.Run6-5: Failed to modify UD QP to INIT on ibp161s0: Operation not permitted
epyc008.hpc.rd.areasciencepark.it:rank201.Run6-5: Failed to modify UD QP to INIT on ibp161s0: Operation not permitted
epyc008.hpc.rd.areasciencepark.it:rank180.Run6-5: Failed to modify UD QP to INIT on ibp161s0: Operation not permitted
epyc008.hpc.rd.areasciencepark.it:rank223.Run6-5: Failed to modify UD QP to INIT on ibp161s0: Operation not permitted
epyc008.hpc.rd.areasciencepark.it:rank206.Run6-5: Failed to modify UD QP to INIT on ibp161s0: Operation not permitted
epyc008.hpc.rd.areasciencepark.it:rank203.Run6-5: Failed to modify UD QP to INIT on ibp161s0: Operation not permitted
epyc008.hpc.rd.areasciencepark.it:rank211.Run6-5: Failed to modify UD QP to INIT on ibp161s0: Operation not permitted
epyc008.hpc.rd.areasciencepark.it:rank228.Run6-5: Failed to modify UD QP to INIT on ibp161s0: Operation not permitted
epyc008.hpc.rd.areasciencepark.it:rank219.Run6-5: Failed to modify UD QP to INIT on ibp161s0: Operation not permitted
epyc008.hpc.rd.areasciencepark.it:rank163.Run6-5: Failed to modify UD QP to INIT on ibp161s0: Operation not permitted
epyc008.hpc.rd.areasciencepark.it:rank202.Run6-5: Failed to modify UD QP to INIT on ibp161s0: Operation not permitted
epyc008.hpc.rd.areasciencepark.it:rank223.Run6-5: Failed to modify UD QP to INIT on ibp161s0: Operation not permitted
epyc008.hpc.rd.areasciencepark.it:rank206.Run6-5: Failed to modify UD QP to INIT on ibp161s0: Operation not permitted
epyc008.hpc.rd.areasciencepark.it:rank180.Run6-5: Failed to modify UD QP to INIT on ibp161s0: Operation not permitted
epyc008.hpc.rd.areasciencepark.it:rank203.Run6-5: Failed to modify UD QP to INIT on ibp161s0: Operation not permitted
epyc008.hpc.rd.areasciencepark.it:rank228.Run6-5: Failed to modify UD QP to INIT on ibp161s0: Operation not permitted
epyc008.hpc.rd.areasciencepark.it:rank219.Run6-5: Failed to modify UD QP to INIT on ibp161s0: Operation not permitted
epyc008.hpc.rd.areasciencepark.it:rank211.Run6-5: Failed to modify UD QP to INIT on ibp161s0: Operation not permitted
epyc008.hpc.rd.areasciencepark.it:rank235.Run6-5: Failed to modify UD QP to INIT on ibp161s0: Operation not permitted
epyc008.hpc.rd.areasciencepark.it:rank180.Run6-5: Failed to modify UD QP to INIT on ibp161s0: Operation not permitted
epyc008.hpc.rd.areasciencepark.it:rank233.Run6-5: Failed to modify UD QP to INIT on ibp161s0: Operation not permitted
epyc008.hpc.rd.areasciencepark.it:rank241.Run6-5: Failed to modify UD QP to INIT on ibp161s0: Operation not permitted
epyc008.hpc.rd.areasciencepark.it:rank251.Run6-5: Failed to modify UD QP to INIT on ibp161s0: Operation not permitted
epyc008.hpc.rd.areasciencepark.it:rank217.Run6-5: Failed to modify UD QP to INIT on ibp161s0: Operation not permitted
epyc008.hpc.rd.areasciencepark.it:rank202.Run6-5: Failed to modify UD QP to INIT on ibp161s0: Operation not permitted
epyc008.hpc.rd.areasciencepark.it:rank168.Run6-5: Failed to modify UD QP to INIT on ibp161s0: Operation not permitted
epyc008.hpc.rd.areasciencepark.it:rank204.Run6-5: Failed to modify UD QP to INIT on ibp161s0: Operation not permitted
epyc008.hpc.rd.areasciencepark.it:rank156.Run6-5: Failed to modify UD QP to INIT on ibp161s0: Operation not permitted
epyc008.hpc.rd.areasciencepark.it:rank211.Run6-5: Failed to modify UD QP to INIT on ibp161s0: Operation not permitted
epyc008.hpc.rd.areasciencepark.it:rank250.Run6-5: Failed to modify UD QP to INIT on ibp161s0: Operation not permitted
epyc008.hpc.rd.areasciencepark.it:rank202.Run6-5: Failed to modify UD QP to INIT on ibp161s0: Operation not permitted
epyc008.hpc.rd.areasciencepark.it:rank255.Run6-5: Failed to modify UD QP to INIT on ibp161s0: Operation not permitted
epyc008.hpc.rd.areasciencepark.it:rank252.Run6-5: Failed to modify UD QP to INIT on ibp161s0: Operation not permitted
epyc008.hpc.rd.areasciencepark.it:rank236.Run6-5: Failed to modify UD QP to INIT on ibp161s0: Operation not permitted
epyc008.hpc.rd.areasciencepark.it:rank235.Run6-5: Failed to modify UD QP to INIT on ibp161s0: Operation not permitted
epyc008.hpc.rd.areasciencepark.it:rank251.Run6-5: Failed to modify UD QP to INIT on ibp161s0: Operation not permitted
epyc008.hpc.rd.areasciencepark.it:rank233.Run6-5: Failed to modify UD QP to INIT on ibp161s0: Operation not permitted
epyc008.hpc.rd.areasciencepark.it:rank241.Run6-5: Failed to modify UD QP to INIT on ibp161s0: Operation not permitted
epyc008.hpc.rd.areasciencepark.it:rank217.Run6-5: Failed to modify UD QP to INIT on ibp161s0: Operation not permitted
epyc008.hpc.rd.areasciencepark.it:rank168.Run6-5: Failed to modify UD QP to INIT on ibp161s0: Operation not permitted
epyc008.hpc.rd.areasciencepark.it:rank156.Run6-5: Failed to modify UD QP to INIT on ibp161s0: Operation not permitted
epyc008.hpc.rd.areasciencepark.it:rank243.Run6-5: Failed to modify UD QP to INIT on ibp161s0: Operation not permitted
epyc008.hpc.rd.areasciencepark.it:rank249.Run6-5: Failed to modify UD QP to INIT on ibp161s0: Operation not permitted
epyc008.hpc.rd.areasciencepark.it:rank224.Run6-5: Failed to modify UD QP to INIT on ibp161s0: Operation not permitted
epyc008.hpc.rd.areasciencepark.it:rank226.Run6-5: Failed to modify UD QP to INIT on ibp161s0: Operation not permitted
epyc008.hpc.rd.areasciencepark.it:rank204.Run6-5: Failed to modify UD QP to INIT on ibp161s0: Operation not permitted
epyc008.hpc.rd.areasciencepark.it:rank227.Run6-5: Failed to modify UD QP to INIT on ibp161s0: Operation not permitted
epyc008.hpc.rd.areasciencepark.it:rank212.Run6-5: Failed to modify UD QP to INIT on ibp161s0: Operation not permitted
epyc008.hpc.rd.areasciencepark.it:rank196.Run6-5: Failed to modify UD QP to INIT on ibp161s0: Operation not permitted
epyc008.hpc.rd.areasciencepark.it:rank235.Run6-5: Failed to modify UD QP to INIT on ibp161s0: Operation not permitted
epyc008.hpc.rd.areasciencepark.it:rank232.Run6-5: Failed to modify UD QP to INIT on ibp161s0: Operation not permitted
epyc008.hpc.rd.areasciencepark.it:rank250.Run6-5: Failed to modify UD QP to INIT on ibp161s0: Operation not permitted
epyc008.hpc.rd.areasciencepark.it:rank251.Run6-5: Failed to modify UD QP to INIT on ibp161s0: Operation not permitted
epyc008.hpc.rd.areasciencepark.it:rank217.Run6-5: Failed to modify UD QP to INIT on ibp161s0: Operation not permitted
epyc008.hpc.rd.areasciencepark.it:rank241.Run6-5: Failed to modify UD QP to INIT on ibp161s0: Operation not permitted
epyc008.hpc.rd.areasciencepark.it:rank168.Run6-5: Failed to modify UD QP to INIT on ibp161s0: Operation not permitted
epyc008.hpc.rd.areasciencepark.it:rank233.Run6-5: Failed to modify UD QP to INIT on ibp161s0: Operation not permitted
epyc008.hpc.rd.areasciencepark.it:rank255.Run6-5: Failed to modify UD QP to INIT on ibp161s0: Operation not permitted
epyc008.hpc.rd.areasciencepark.it:rank156.Run6-5: Failed to modify UD QP to INIT on ibp161s0: Operation not permitted
epyc008.hpc.rd.areasciencepark.it:rank234.Run6-5: Failed to modify UD QP to INIT on ibp161s0: Operation not permitted
epyc008.hpc.rd.areasciencepark.it:rank204.Run6-5: Failed to modify UD QP to INIT on ibp161s0: Operation not permitted
epyc008.hpc.rd.areasciencepark.it:rank225.Run6-5: Failed to modify UD QP to INIT on ibp161s0: Operation not permitted
epyc008.hpc.rd.areasciencepark.it:rank247.Run6-5: Failed to modify UD QP to INIT on ibp161s0: Operation not permitted
epyc008.hpc.rd.areasciencepark.it:rank221.Run6-5: Failed to modify UD QP to INIT on ibp161s0: Operation not permitted
epyc008.hpc.rd.areasciencepark.it:rank236.Run6-5: Failed to modify UD QP to INIT on ibp161s0: Operation not permitted
epyc008.hpc.rd.areasciencepark.it:rank252.Run6-5: Failed to modify UD QP to INIT on ibp161s0: Operation not permitted
epyc008.hpc.rd.areasciencepark.it:rank243.Run6-5: Failed to modify UD QP to INIT on ibp161s0: Operation not permitted
epyc008.hpc.rd.areasciencepark.it:rank249.Run6-5: Failed to modify UD QP to INIT on ibp161s0: Operation not permitted
epyc008.hpc.rd.areasciencepark.it:rank224.Run6-5: Failed to modify UD QP to INIT on ibp161s0: Operation not permitted
epyc008.hpc.rd.areasciencepark.it:rank226.Run6-5: Failed to modify UD QP to INIT on ibp161s0: Operation not permitted
epyc008.hpc.rd.areasciencepark.it:rank227.Run6-5: Failed to modify UD QP to INIT on ibp161s0: Operation not permitted
epyc008.hpc.rd.areasciencepark.it:rank250.Run6-5: Failed to modify UD QP to INIT on ibp161s0: Operation not permitted
epyc008.hpc.rd.areasciencepark.it:rank212.Run6-5: Failed to modify UD QP to INIT on ibp161s0: Operation not permitted
epyc008.hpc.rd.areasciencepark.it:rank208.Run6-5: Failed to modify UD QP to INIT on ibp161s0: Operation not permitted
epyc008.hpc.rd.areasciencepark.it:rank255.Run6-5: Failed to modify UD QP to INIT on ibp161s0: Operation not permitted
epyc008.hpc.rd.areasciencepark.it:rank196.Run6-5: Failed to modify UD QP to INIT on ibp161s0: Operation not permitted
epyc008.hpc.rd.areasciencepark.it:rank232.Run6-5: Failed to modify UD QP to INIT on ibp161s0: Operation not permitted
epyc008.hpc.rd.areasciencepark.it:rank214.Run6-5: Failed to modify UD QP to INIT on ibp161s0: Operation not permitted
epyc008.hpc.rd.areasciencepark.it:rank253.Run6-5: Failed to modify UD QP to INIT on ibp161s0: Operation not permitted
epyc008.hpc.rd.areasciencepark.it:rank218.Run6-5: Failed to modify UD QP to INIT on ibp161s0: Operation not permitted
epyc008.hpc.rd.areasciencepark.it:rank220.Run6-5: Failed to modify UD QP to INIT on ibp161s0: Operation not permitted
epyc008.hpc.rd.areasciencepark.it:rank252.Run6-5: Failed to modify UD QP to INIT on ibp161s0: Operation not permitted
epyc008.hpc.rd.areasciencepark.it:rank236.Run6-5: Failed to modify UD QP to INIT on ibp161s0: Operation not permitted
epyc008.hpc.rd.areasciencepark.it:rank234.Run6-5: Failed to modify UD QP to INIT on ibp161s0: Operation not permitted
epyc008.hpc.rd.areasciencepark.it:rank243.Run6-5: Failed to modify UD QP to INIT on ibp161s0: Operation not permitted
epyc008.hpc.rd.areasciencepark.it:rank249.Run6-5: Failed to modify UD QP to INIT on ibp161s0: Operation not permitted
epyc008.hpc.rd.areasciencepark.it:rank226.Run6-5: Failed to modify UD QP to INIT on ibp161s0: Operation not permitted
epyc008.hpc.rd.areasciencepark.it:rank225.Run6-5: Failed to modify UD QP to INIT on ibp161s0: Operation not permitted
epyc008.hpc.rd.areasciencepark.it:rank247.Run6-5: Failed to modify UD QP to INIT on ibp161s0: Operation not permitted
epyc008.hpc.rd.areasciencepark.it:rank227.Run6-5: Failed to modify UD QP to INIT on ibp161s0: Operation not permitted
epyc008.hpc.rd.areasciencepark.it:rank224.Run6-5: Failed to modify UD QP to INIT on ibp161s0: Operation not permitted
epyc008.hpc.rd.areasciencepark.it:rank230.Run6-5: Failed to modify UD QP to INIT on ibp161s0: Operation not permitted
epyc008.hpc.rd.areasciencepark.it:rank246.Run6-5: Failed to modify UD QP to INIT on ibp161s0: Operation not permitted
epyc008.hpc.rd.areasciencepark.it:rank212.Run6-5: Failed to modify UD QP to INIT on ibp161s0: Operation not permitted
epyc008.hpc.rd.areasciencepark.it:rank221.Run6-5: Failed to modify UD QP to INIT on ibp161s0: Operation not permitted
epyc008.hpc.rd.areasciencepark.it:rank229.Run6-5: Failed to modify UD QP to INIT on ibp161s0: Operation not permitted
epyc008.hpc.rd.areasciencepark.it:rank196.Run6-5: Failed to modify UD QP to INIT on ibp161s0: Operation not permitted
epyc008.hpc.rd.areasciencepark.it:rank248.Run6-5: Failed to modify UD QP to INIT on ibp161s0: Operation not permitted
epyc008.hpc.rd.areasciencepark.it:rank184.Run6-5: Failed to modify UD QP to INIT on ibp161s0: Operation not permitted
epyc008.hpc.rd.areasciencepark.it:rank216.Run6-5: Failed to modify UD QP to INIT on ibp161s0: Operation not permitted
epyc008.hpc.rd.areasciencepark.it:rank232.Run6-5: Failed to modify UD QP to INIT on ibp161s0: Operation not permitted
epyc008.hpc.rd.areasciencepark.it:rank234.Run6-5: Failed to modify UD QP to INIT on ibp161s0: Operation not permitted
epyc008.hpc.rd.areasciencepark.it:rank208.Run6-5: Failed to modify UD QP to INIT on ibp161s0: Operation not permitted
epyc008.hpc.rd.areasciencepark.it:rank225.Run6-5: Failed to modify UD QP to INIT on ibp161s0: Operation not permitted
epyc008.hpc.rd.areasciencepark.it:rank247.Run6-5: Failed to modify UD QP to INIT on ibp161s0: Operation not permitted
epyc008.hpc.rd.areasciencepark.it:rank221.Run6-5: Failed to modify UD QP to INIT on ibp161s0: Operation not permitted
epyc008.hpc.rd.areasciencepark.it:rank214.Run6-5: Failed to modify UD QP to INIT on ibp161s0: Operation not permitted
epyc008.hpc.rd.areasciencepark.it:rank253.Run6-5: Failed to modify UD QP to INIT on ibp161s0: Operation not permitted
epyc008.hpc.rd.areasciencepark.it:rank218.Run6-5: Failed to modify UD QP to INIT on ibp161s0: Operation not permitted
epyc008.hpc.rd.areasciencepark.it:rank220.Run6-5: Failed to modify UD QP to INIT on ibp161s0: Operation not permitted
epyc008.hpc.rd.areasciencepark.it:rank246.Run6-5: Failed to modify UD QP to INIT on ibp161s0: Operation not permitted
epyc008.hpc.rd.areasciencepark.it:rank230.Run6-5: Failed to modify UD QP to INIT on ibp161s0: Operation not permitted
epyc008.hpc.rd.areasciencepark.it:rank229.Run6-5: Failed to modify UD QP to INIT on ibp161s0: Operation not permitted
epyc008.hpc.rd.areasciencepark.it:rank208.Run6-5: Failed to modify UD QP to INIT on ibp161s0: Operation not permitted
epyc008.hpc.rd.areasciencepark.it:rank216.Run6-5: Failed to modify UD QP to INIT on ibp161s0: Operation not permitted
epyc008.hpc.rd.areasciencepark.it:rank184.Run6-5: Failed to modify UD QP to INIT on ibp161s0: Operation not permitted
epyc008.hpc.rd.areasciencepark.it:rank248.Run6-5: Failed to modify UD QP to INIT on ibp161s0: Operation not permitted
epyc008.hpc.rd.areasciencepark.it:rank253.Run6-5: Failed to modify UD QP to INIT on ibp161s0: Operation not permitted
epyc008.hpc.rd.areasciencepark.it:rank214.Run6-5: Failed to modify UD QP to INIT on ibp161s0: Operation not permitted
epyc008.hpc.rd.areasciencepark.it:rank220.Run6-5: Failed to modify UD QP to INIT on ibp161s0: Operation not permitted
epyc008.hpc.rd.areasciencepark.it:rank218.Run6-5: Failed to modify UD QP to INIT on ibp161s0: Operation not permitted
epyc008.hpc.rd.areasciencepark.it:rank246.Run6-5: Failed to modify UD QP to INIT on ibp161s0: Operation not permitted
epyc008.hpc.rd.areasciencepark.it:rank229.Run6-5: Failed to modify UD QP to INIT on ibp161s0: Operation not permitted
epyc008.hpc.rd.areasciencepark.it:rank230.Run6-5: Failed to modify UD QP to INIT on ibp161s0: Operation not permitted
epyc008.hpc.rd.areasciencepark.it:rank248.Run6-5: Failed to modify UD QP to INIT on ibp161s0: Operation not permitted
epyc008.hpc.rd.areasciencepark.it:rank184.Run6-5: Failed to modify UD QP to INIT on ibp161s0: Operation not permitted
epyc008.hpc.rd.areasciencepark.it:rank216.Run6-5: Failed to modify UD QP to INIT on ibp161s0: Operation not permitted
epyc008.hpc.rd.areasciencepark.it:rank169.Run6-5: Failed to modify UD QP to INIT on ibp161s0: Operation not permitted
epyc008.hpc.rd.areasciencepark.it:rank155.Run6-5: Failed to modify UD QP to INIT on ibp161s0: Operation not permitted
epyc008.hpc.rd.areasciencepark.it:rank189.Run6-5: Failed to modify UD QP to INIT on ibp161s0: Operation not permitted
epyc008.hpc.rd.areasciencepark.it:rank154.Run6-5: Failed to modify UD QP to INIT on ibp161s0: Operation not permitted
epyc008.hpc.rd.areasciencepark.it:rank179.Run6-5: Failed to modify UD QP to INIT on ibp161s0: Operation not permitted
epyc008.hpc.rd.areasciencepark.it:rank145.Run6-5: Failed to modify UD QP to INIT on ibp161s0: Operation not permitted
epyc008.hpc.rd.areasciencepark.it:rank191.Run6-5: Failed to modify UD QP to INIT on ibp161s0: Operation not permitted
epyc008.hpc.rd.areasciencepark.it:rank170.Run6-5: Failed to modify UD QP to INIT on ibp161s0: Operation not permitted
epyc008.hpc.rd.areasciencepark.it:rank194.Run6-5: Failed to modify UD QP to INIT on ibp161s0: Operation not permitted
epyc008.hpc.rd.areasciencepark.it:rank175.Run6-5: Failed to modify UD QP to INIT on ibp161s0: Operation not permitted
epyc008.hpc.rd.areasciencepark.it:rank190.Run6-5: Failed to modify UD QP to INIT on ibp161s0: Operation not permitted
epyc008.hpc.rd.areasciencepark.it:rank187.Run6-5: Failed to modify UD QP to INIT on ibp161s0: Operation not permitted
epyc008.hpc.rd.areasciencepark.it:rank185.Run6-5: Failed to modify UD QP to INIT on ibp161s0: Operation not permitted
epyc008.hpc.rd.areasciencepark.it:rank150.Run6-5: Failed to modify UD QP to INIT on ibp161s0: Operation not permitted
epyc008.hpc.rd.areasciencepark.it:rank158.Run6-5: Failed to modify UD QP to INIT on ibp161s0: Operation not permitted
epyc008.hpc.rd.areasciencepark.it:rank213.Run6-5: Failed to modify UD QP to INIT on ibp161s0: Operation not permitted
epyc008.hpc.rd.areasciencepark.it:rank171.Run6-5: Failed to modify UD QP to INIT on ibp161s0: Operation not permitted
epyc008.hpc.rd.areasciencepark.it:rank198.Run6-5: Failed to modify UD QP to INIT on ibp161s0: Operation not permitted
epyc008.hpc.rd.areasciencepark.it:rank183.Run6-5: Failed to modify UD QP to INIT on ibp161s0: Operation not permitted
epyc008.hpc.rd.areasciencepark.it:rank182.Run6-5: Failed to modify UD QP to INIT on ibp161s0: Operation not permitted
epyc008.hpc.rd.areasciencepark.it:rank166.Run6-5: Failed to modify UD QP to INIT on ibp161s0: Operation not permitted
epyc008.hpc.rd.areasciencepark.it:rank181.Run6-5: Failed to modify UD QP to INIT on ibp161s0: Operation not permitted
epyc008.hpc.rd.areasciencepark.it:rank176.Run6-5: Failed to modify UD QP to INIT on ibp161s0: Operation not permitted
epyc008.hpc.rd.areasciencepark.it:rank186.Run6-5: Failed to modify UD QP to INIT on ibp161s0: Operation not permitted
epyc008.hpc.rd.areasciencepark.it:rank254.Run6-5: Failed to modify UD QP to INIT on ibp161s0: Operation not permitted
epyc008.hpc.rd.areasciencepark.it:rank245.Run6-5: Failed to modify UD QP to INIT on ibp161s0: Operation not permitted
epyc008.hpc.rd.areasciencepark.it:rank193.Run6-5: Failed to modify UD QP to INIT on ibp161s0: Operation not permitted
epyc008.hpc.rd.areasciencepark.it:rank205.Run6-5: Failed to modify UD QP to INIT on ibp161s0: Operation not permitted
epyc008.hpc.rd.areasciencepark.it:rank238.Run6-5: Failed to modify UD QP to INIT on ibp161s0: Operation not permitted
epyc008.hpc.rd.areasciencepark.it:rank197.Run6-5: Failed to modify UD QP to INIT on ibp161s0: Operation not permitted
epyc008.hpc.rd.areasciencepark.it:rank240.Run6-5: Failed to modify UD QP to INIT on ibp161s0: Operation not permitted
epyc008.hpc.rd.areasciencepark.it:rank222.Run6-5: Failed to modify UD QP to INIT on ibp161s0: Operation not permitted
epyc008.hpc.rd.areasciencepark.it:rank164.Run6-5: Failed to modify UD QP to INIT on ibp161s0: Operation not permitted
epyc008.hpc.rd.areasciencepark.it:rank152.Run6-5: Failed to modify UD QP to INIT on ibp161s0: Operation not permitted
epyc008.hpc.rd.areasciencepark.it:rank148.Run6-5: Failed to modify UD QP to INIT on ibp161s0: Operation not permitted
epyc008.hpc.rd.areasciencepark.it:rank255.Run6-5: Failed to modify UD QP to INIT on ibp161s0: Operation not permitted
epyc008.hpc.rd.areasciencepark.it:rank207.Run6-5: Failed to modify UD QP to INIT on ibp161s0: Operation not permitted
epyc008.hpc.rd.areasciencepark.it:rank195.Run6-5: Failed to modify UD QP to INIT on ibp161s0: Operation not permitted
epyc008.hpc.rd.areasciencepark.it:rank144.Run6-5: Failed to modify UD QP to INIT on ibp161s0: Operation not permitted
epyc008.hpc.rd.areasciencepark.it:rank211.Run6-5: Failed to modify UD QP to INIT on ibp161s0: Operation not permitted
epyc008.hpc.rd.areasciencepark.it:rank218.Run6-5: Failed to modify UD QP to INIT on ibp161s0: Operation not permitted
epyc008.hpc.rd.areasciencepark.it:rank217.Run6-5: Failed to modify UD QP to INIT on ibp161s0: Operation not permitted
epyc008.hpc.rd.areasciencepark.it:rank180.Run6-5: Failed to modify UD QP to INIT on ibp161s0: Operation not permitted
epyc008.hpc.rd.areasciencepark.it:rank188.Run6-5: Failed to modify UD QP to INIT on ibp161s0: Operation not permitted
epyc008.hpc.rd.areasciencepark.it:rank216.Run6-5: Failed to modify UD QP to INIT on ibp161s0: Operation not permitted
epyc008.hpc.rd.areasciencepark.it:rank234.Run6-5: Failed to modify UD QP to INIT on ibp161s0: Operation not permitted
epyc008.hpc.rd.areasciencepark.it:rank212.Run6-5: Failed to modify UD QP to INIT on ibp161s0: Operation not permitted
epyc008.hpc.rd.areasciencepark.it:rank160.Run6-5: Failed to modify UD QP to INIT on ibp161s0: Operation not permitted
epyc008.hpc.rd.areasciencepark.it:rank247.Run6-5: Failed to modify UD QP to INIT on ibp161s0: Operation not permitted
epyc008.hpc.rd.areasciencepark.it:rank209.Run6-5: Failed to modify UD QP to INIT on ibp161s0: Operation not permitted
epyc008.hpc.rd.areasciencepark.it:rank204.Run6-5: Failed to modify UD QP to INIT on ibp161s0: Operation not permitted
epyc008.hpc.rd.areasciencepark.it:rank252.Run6-5: Failed to modify UD QP to INIT on ibp161s0: Operation not permitted
epyc008.hpc.rd.areasciencepark.it:rank239.Run6-5: Failed to modify UD QP to INIT on ibp161s0: Operation not permitted
epyc008.hpc.rd.areasciencepark.it:rank202.Run6-5: Failed to modify UD QP to INIT on ibp161s0: Operation not permitted
epyc008.hpc.rd.areasciencepark.it:rank224.Run6-5: Failed to modify UD QP to INIT on ibp161s0: Operation not permitted
epyc008.hpc.rd.areasciencepark.it:rank220.Run6-5: Failed to modify UD QP to INIT on ibp161s0: Operation not permitted
epyc008.hpc.rd.areasciencepark.it:rank235.Run6-5: Failed to modify UD QP to INIT on ibp161s0: Operation not permitted
epyc008.hpc.rd.areasciencepark.it:rank196.Run6-5: Failed to modify UD QP to INIT on ibp161s0: Operation not permitted
epyc008.hpc.rd.areasciencepark.it:rank200.Run6-5: Failed to modify UD QP to INIT on ibp161s0: Operation not permitted
epyc008.hpc.rd.areasciencepark.it:rank233.Run6-5: Failed to modify UD QP to INIT on ibp161s0: Operation not permitted
epyc008.hpc.rd.areasciencepark.it:rank214.Run6-5: Failed to modify UD QP to INIT on ibp161s0: Operation not permitted
epyc008.hpc.rd.areasciencepark.it:rank242.Run6-5: Failed to modify UD QP to INIT on ibp161s0: Operation not permitted
epyc008.hpc.rd.areasciencepark.it:rank232.Run6-5: Failed to modify UD QP to INIT on ibp161s0: Operation not permitted
epyc008.hpc.rd.areasciencepark.it:rank184.Run6-5: Failed to modify UD QP to INIT on ibp161s0: Operation not permitted
epyc008.hpc.rd.areasciencepark.it:rank231.Run6-5: Failed to modify UD QP to INIT on ibp161s0: Operation not permitted
epyc008.hpc.rd.areasciencepark.it:rank244.Run6-5: Failed to modify UD QP to INIT on ibp161s0: Operation not permitted
epyc008.hpc.rd.areasciencepark.it:rank236.Run6-5: Failed to modify UD QP to INIT on ibp161s0: Operation not permitted
epyc008.hpc.rd.areasciencepark.it:rank243.Run6-5: Failed to modify UD QP to INIT on ibp161s0: Operation not permitted
epyc008.hpc.rd.areasciencepark.it:rank201.Run6-5: Failed to modify UD QP to INIT on ibp161s0: Operation not permitted
epyc008.hpc.rd.areasciencepark.it:rank223.Run6-5: Failed to modify UD QP to INIT on ibp161s0: Operation not permitted
epyc008.hpc.rd.areasciencepark.it:rank206.Run6-5: Failed to modify UD QP to INIT on ibp161s0: Operation not permitted
epyc008.hpc.rd.areasciencepark.it:rank225.Run6-5: Failed to modify UD QP to INIT on ibp161s0: Operation not permitted
epyc008.hpc.rd.areasciencepark.it:rank251.Run6-5: Failed to modify UD QP to INIT on ibp161s0: Operation not permitted
epyc008.hpc.rd.areasciencepark.it:rank248.Run6-5: Failed to modify UD QP to INIT on ibp161s0: Operation not permitted
epyc008.hpc.rd.areasciencepark.it:rank250.Run6-5: Failed to modify UD QP to INIT on ibp161s0: Operation not permitted
epyc008.hpc.rd.areasciencepark.it:rank228.Run6-5: Failed to modify UD QP to INIT on ibp161s0: Operation not permitted
epyc008.hpc.rd.areasciencepark.it:rank215.Run6-5: Failed to modify UD QP to INIT on ibp161s0: Operation not permitted
epyc008.hpc.rd.areasciencepark.it:rank172.Run6-5: Failed to modify UD QP to INIT on ibp161s0: Operation not permitted
epyc008.hpc.rd.areasciencepark.it:rank199.Run6-5: Failed to modify UD QP to INIT on ibp161s0: Operation not permitted
epyc008.hpc.rd.areasciencepark.it:rank168.Run6-5: Failed to modify UD QP to INIT on ibp161s0: Operation not permitted
epyc008.hpc.rd.areasciencepark.it:rank203.Run6-5: Failed to modify UD QP to INIT on ibp161s0: Operation not permitted
epyc008.hpc.rd.areasciencepark.it:rank156.Run6-5: Failed to modify UD QP to INIT on ibp161s0: Operation not permitted
epyc008.hpc.rd.areasciencepark.it:rank226.Run6-5: Failed to modify UD QP to INIT on ibp161s0: Operation not permitted
epyc008.hpc.rd.areasciencepark.it:rank241.Run6-5: Failed to modify UD QP to INIT on ibp161s0: Operation not permitted
epyc008.hpc.rd.areasciencepark.it:rank249.Run6-5: Failed to modify UD QP to INIT on ibp161s0: Operation not permitted
epyc008.hpc.rd.areasciencepark.it:rank192.Run6-5: Failed to modify UD QP to INIT on ibp161s0: Operation not permitted
epyc008.hpc.rd.areasciencepark.it:rank230.Run6-5: Failed to modify UD QP to INIT on ibp161s0: Operation not permitted
epyc008.hpc.rd.areasciencepark.it:rank229.Run6-5: Failed to modify UD QP to INIT on ibp161s0: Operation not permitted
epyc008.hpc.rd.areasciencepark.it:rank221.Run6-5: Failed to modify UD QP to INIT on ibp161s0: Operation not permitted
epyc008.hpc.rd.areasciencepark.it:rank246.Run6-5: Failed to modify UD QP to INIT on ibp161s0: Operation not permitted
epyc008.hpc.rd.areasciencepark.it:rank253.Run6-5: Failed to modify UD QP to INIT on ibp161s0: Operation not permitted
epyc008.hpc.rd.areasciencepark.it:rank227.Run6-5: Failed to modify UD QP to INIT on ibp161s0: Operation not permitted
epyc008.hpc.rd.areasciencepark.it:rank208.Run6-5: Failed to modify UD QP to INIT on ibp161s0: Operation not permitted
epyc008.hpc.rd.areasciencepark.it:rank219.Run6-5: Failed to modify UD QP to INIT on ibp161s0: Operation not permitted
Running with 256 MPI processes.
[epyc006.hpc.rd.areasciencepark.it:4109297] 127 more processes have sent help message help-mtl-ofi.txt / OFI call fail
[epyc006.hpc.rd.areasciencepark.it:4109297] Set MCA parameter "orte_base_help_aggregate" to 0 to see all help / error messages
Process 64 finished computations at 10.3609 seconds.
Process 12 finished computations at 10.3731 seconds.
Process 89 finished computations at 10.3941 seconds.
Process 88 finished computations at 10.4059 seconds.
Process 113 finished computations at 10.4143 seconds.
Process 104 finished computations at 10.4198 seconds.
Process 56 finished computations at 10.4182 seconds.
Process 112 finished computations at 10.4236 seconds.
Process 125 finished computations at 10.4292 seconds.
Process 82 finished computations at 10.4299 seconds.
Process 103 finished computations at 10.4288 seconds.
Process 65 finished computations at 10.4355 seconds.
Process 57 finished computations at 10.4347 seconds.
Process 105 finished computations at 10.4375 seconds.
Process 49 finished computations at 10.4379 seconds.
Process 81 finished computations at 10.4432 seconds.
Process 62 finished computations at 10.4401 seconds.
Process 16 finished computations at 10.4443 seconds.
Process 107 finished computations at 10.4418 seconds.
Process 111 finished computations at 10.4462 seconds.
Process 124 finished computations at 10.4465 seconds.
Process 28 finished computations at 10.4474 seconds.
Process 80 finished computations at 10.4464 seconds.
Process 32 finished computations at 10.4478 seconds.
Process 33 finished computations at 10.4516 seconds.
Process 106 finished computations at 10.4513 seconds.
Process 63 finished computations at 10.454 seconds.
Process 35 finished computations at 10.4548 seconds.
Process 17 finished computations at 10.4588 seconds.
Process 27 finished computations at 10.4574 seconds.
Process 66 finished computations at 10.4556 seconds.
Process 126 finished computations at 10.4586 seconds.
Process 120 finished computations at 10.4623 seconds.
Process 75 finished computations at 10.4605 seconds.
Process 79 finished computations at 10.4625 seconds.
Process 19 finished computations at 10.4643 seconds.
Process 34 finished computations at 10.4682 seconds.
Process 8 finished computations at 10.4666 seconds.
Process 13 finished computations at 10.4674 seconds.
Process 2 finished computations at 10.4675 seconds.
Process 59 finished computations at 10.4685 seconds.
Process 78 finished computations at 10.4687 seconds.
Process 4 finished computations at 10.4715 seconds.
Process 122 finished computations at 10.4684 seconds.
Process 58 finished computations at 10.4704 seconds.
Process 72 finished computations at 10.466 seconds.
Process 73 finished computations at 10.4725 seconds.
Process 7 finished computations at 10.4694 seconds.
Process 21 finished computations at 10.4733 seconds.
Process 83 finished computations at 10.4734 seconds.
Process 31 finished computations at 10.4735 seconds.
Process 95 finished computations at 10.4743 seconds.
Process 67 finished computations at 10.4758 seconds.
Process 39 finished computations at 10.476 seconds.
Process 26 finished computations at 10.4776 seconds.
Process 90 finished computations at 10.4784 seconds.
Process 9 finished computations at 10.4776 seconds.
Process 25 finished computations at 10.47 seconds.
Process 51 finished computations at 10.4788 seconds.
Process 15 finished computations at 10.4816 seconds.
Process 85 finished computations at 10.4809 seconds.
Process 102 finished computations at 10.4806 seconds.
Process 55 finished computations at 10.482 seconds.
Process 93 finished computations at 10.4822 seconds.
Process 18 finished computations at 10.471 seconds.
Process 127 finished computations at 10.4825 seconds.
Process 114 finished computations at 10.482 seconds.
Process 3 finished computations at 10.4824 seconds.
Process 84 finished computations at 10.4833 seconds.
Process 98 finished computations at 10.4855 seconds.
Process 42 finished computations at 10.4874 seconds.
Process 121 finished computations at 10.4876 seconds.
Process 5 finished computations at 10.4896 seconds.
Process 24 finished computations at 10.489 seconds.
Process 99 finished computations at 10.477 seconds.
Process 123 finished computations at 10.4836 seconds.
Process 60 finished computations at 10.4937 seconds.
Process 48 finished computations at 10.4927 seconds.
Process 10 finished computations at 10.4955 seconds.
Process 91 finished computations at 10.494 seconds.
Process 41 finished computations at 10.4965 seconds.
Process 86 finished computations at 10.4988 seconds.
Process 40 finished computations at 10.4986 seconds.
Process 97 finished computations at 10.4934 seconds.
Process 115 finished computations at 10.4993 seconds.
Process 37 finished computations at 10.4997 seconds.
Process 96 finished computations at 10.4992 seconds.
Process 6 finished computations at 10.4926 seconds.
Process 50 finished computations at 10.5011 seconds.
Process 70 finished computations at 10.5018 seconds.
Process 1 finished computations at 10.5013 seconds.
Process 43 finished computations at 10.5015 seconds.
Process 101 finished computations at 10.5037 seconds.
Process 0 finished computations at 10.5037 seconds.
Process 71 finished computations at 10.5054 seconds.
Process 14 finished computations at 10.5083 seconds.
Process 87 finished computations at 10.5075 seconds.
Process 108 finished computations at 10.508 seconds.
Process 29 finished computations at 10.5086 seconds.
Process 44 finished computations at 10.508 seconds.
Process 45 finished computations at 10.5079 seconds.
Process 11 finished computations at 10.5117 seconds.
Process 119 finished computations at 10.5109 seconds.
Process 74 finished computations at 10.5123 seconds.
Process 20 finished computations at 10.5157 seconds.
Process 116 finished computations at 10.5168 seconds.
Process 69 finished computations at 10.5229 seconds.
Process 77 finished computations at 10.5242 seconds.
Process 54 finished computations at 10.5265 seconds.
Process 100 finished computations at 10.5273 seconds.
Process 36 finished computations at 10.5303 seconds.
Process 68 finished computations at 10.5315 seconds.
Process 61 finished computations at 10.531 seconds.
Process 22 finished computations at 10.5332 seconds.
Process 76 finished computations at 10.5336 seconds.
Process 38 finished computations at 10.533 seconds.
Process 46 finished computations at 10.5356 seconds.
Process 117 finished computations at 10.536 seconds.
Process 30 finished computations at 10.5351 seconds.
Process 53 finished computations at 10.5365 seconds.
Process 109 finished computations at 10.535 seconds.
Process 110 finished computations at 10.5358 seconds.
Process 94 finished computations at 10.5377 seconds.
Process 92 finished computations at 10.5359 seconds.
Process 52 finished computations at 10.5443 seconds.
Process 23 finished computations at 10.5541 seconds.
Process 118 finished computations at 10.5542 seconds.
Process 47 finished computations at 10.5644 seconds.
Process 188 finished computations at 10.6084 seconds.
Process 229 finished computations at 10.6342 seconds.
Process 182 finished computations at 10.6385 seconds.
Process 198 finished computations at 10.6479 seconds.
Process 207 finished computations at 10.6517 seconds.
Process 181 finished computations at 10.6524 seconds.
Process 239 finished computations at 10.6566 seconds.
Process 199 finished computations at 10.6597 seconds.
Process 135 finished computations at 10.6612 seconds.
Process 172 finished computations at 10.6594 seconds.
Process 231 finished computations at 10.6619 seconds.
Process 161 finished computations at 10.6632 seconds.
Process 246 finished computations at 10.6631 seconds.
Process 238 finished computations at 10.6622 seconds.
Process 134 finished computations at 10.6621 seconds.
Process 228 finished computations at 10.6623 seconds.
Process 191 finished computations at 10.6646 seconds.
Process 197 finished computations at 10.665 seconds.
Process 254 finished computations at 10.6644 seconds.
Process 158 finished computations at 10.6674 seconds.
Process 143 finished computations at 10.6681 seconds.
Process 175 finished computations at 10.675 seconds.
Process 183 finished computations at 10.6741 seconds.
Process 128 finished computations at 10.6766 seconds.
Process 159 finished computations at 10.6777 seconds.
Process 214 finished computations at 10.6774 seconds.
Process 154 finished computations at 10.6766 seconds.
Process 223 finished computations at 10.6833 seconds.
Process 152 finished computations at 10.6856 seconds.
Process 164 finished computations at 10.6858 seconds.
Process 133 finished computations at 10.681 seconds.
Process 153 finished computations at 10.6868 seconds.
Process 180 finished computations at 10.6874 seconds.
Process 253 finished computations at 10.6888 seconds.
Process 206 finished computations at 10.6852 seconds.
Process 205 finished computations at 10.691 seconds.
Process 137 finished computations at 10.6919 seconds.
Process 222 finished computations at 10.6911 seconds.
Process 237 finished computations at 10.6918 seconds.
Process 215 finished computations at 10.694 seconds.
Process 149 finished computations at 10.6952 seconds.
Process 230 finished computations at 10.6934 seconds.
Process 219 finished computations at 10.6968 seconds.
Process 190 finished computations at 10.6946 seconds.
Process 132 finished computations at 10.6953 seconds.
Process 210 finished computations at 10.6966 seconds.
Process 245 finished computations at 10.6978 seconds.
Process 247 finished computations at 10.6975 seconds.
Process 204 finished computations at 10.6974 seconds.
Process 156 finished computations at 10.6995 seconds.
Process 151 finished computations at 10.6981 seconds.
Process 196 finished computations at 10.6996 seconds.
Process 213 finished computations at 10.6986 seconds.
Process 165 finished computations at 10.6988 seconds.
Process 178 finished computations at 10.6994 seconds.
Process 148 finished computations at 10.6996 seconds.
Process 130 finished computations at 10.7004 seconds.
Process 160 finished computations at 10.702 seconds.
Process 150 finished computations at 10.7011 seconds.
Process 244 finished computations at 10.7028 seconds.
Process 167 finished computations at 10.7025 seconds.
Process 189 finished computations at 10.7053 seconds.
Process 212 finished computations at 10.7062 seconds.
Process 203 finished computations at 10.7091 seconds.
Process 169 finished computations at 10.7065 seconds.
Process 142 finished computations at 10.7101 seconds.
Process 185 finished computations at 10.7122 seconds.
Process 140 finished computations at 10.711 seconds.
Process 176 finished computations at 10.7105 seconds.
Process 177 finished computations at 10.7112 seconds.
Process 251 finished computations at 10.7138 seconds.
Process 201 finished computations at 10.7117 seconds.
Process 173 finished computations at 10.7142 seconds.
Process 234 finished computations at 10.715 seconds.
Process 129 finished computations at 10.7161 seconds.
Process 217 finished computations at 10.7172 seconds.
Process 221 finished computations at 10.717 seconds.
Process 166 finished computations at 10.7175 seconds.
Process 225 finished computations at 10.7172 seconds.
Process 194 finished computations at 10.7187 seconds.
Process 179 finished computations at 10.7231 seconds.
Process 184 finished computations at 10.7235 seconds.
Process 147 finished computations at 10.7239 seconds.
Process 174 finished computations at 10.7231 seconds.
Process 145 finished computations at 10.7247 seconds.
Process 157 finished computations at 10.7261 seconds.
Process 171 finished computations at 10.721 seconds.
Process 146 finished computations at 10.7275 seconds.
Process 131 finished computations at 10.7265 seconds.
Process 200 finished computations at 10.7282 seconds.
Process 155 finished computations at 10.7286 seconds.
Process 168 finished computations at 10.7291 seconds.
Process 209 finished computations at 10.7262 seconds.
Process 242 finished computations at 10.7313 seconds.
Process 186 finished computations at 10.7329 seconds.
Process 141 finished computations at 10.7311 seconds.
Process 255 finished computations at 10.7336 seconds.
Process 226 finished computations at 10.7348 seconds.
Process 227 finished computations at 10.7357 seconds.
Process 220 finished computations at 10.7353 seconds.
Process 232 finished computations at 10.7367 seconds.
Process 136 finished computations at 10.7394 seconds.
Process 235 finished computations at 10.7421 seconds.
Process 162 finished computations at 10.7428 seconds.
Process 139 finished computations at 10.7455 seconds.
Process 202 finished computations at 10.7463 seconds.
Process 252 finished computations at 10.7455 seconds.
Process 241 finished computations at 10.7492 seconds.
Process 138 finished computations at 10.7483 seconds.
Process 216 finished computations at 10.749 seconds.
Process 240 finished computations at 10.7498 seconds.
Process 243 finished computations at 10.7512 seconds.
Process 236 finished computations at 10.7522 seconds.
Process 144 finished computations at 10.7515 seconds.
Process 187 finished computations at 10.7527 seconds.
Process 193 finished computations at 10.7522 seconds.
Process 250 finished computations at 10.755 seconds.
Process 163 finished computations at 10.7559 seconds.
Process 249 finished computations at 10.7561 seconds.
Process 208 finished computations at 10.7585 seconds.
Process 192 finished computations at 10.7562 seconds.
Process 170 finished computations at 10.7601 seconds.
Process 248 finished computations at 10.7619 seconds.
Process 218 finished computations at 10.7641 seconds.
Process 224 finished computations at 10.7706 seconds.
Process 233 finished computations at 10.7724 seconds.
Process 195 finished computations at 10.7813 seconds.
Process 211 finished computations at 11.5963 seconds.
Total time taken: 11.7022 seconds.
22.454
Running with 128 threads...
Resolution of 1548 x 3096
128, Running with 128 MPI processes.
Process 66 finished computations at 10.4685 seconds.
Process 51 finished computations at 10.4666 seconds.
Process 80 finished computations at 10.475 seconds.
Process 40 finished computations at 10.4762 seconds.
Process 74 finished computations at 10.4809 seconds.
Process 50 finished computations at 10.4863 seconds.
Process 56 finished computations at 10.4857 seconds.
Process 27 finished computations at 10.4883 seconds.
Process 91 finished computations at 10.4909 seconds.
Process 107 finished computations at 10.4914 seconds.
Process 105 finished computations at 10.4938 seconds.
Process 89 finished computations at 10.4955 seconds.
Process 100 finished computations at 10.4997 seconds.
Process 73 finished computations at 10.5013 seconds.
Process 65 finished computations at 10.5021 seconds.
Process 104 finished computations at 10.502 seconds.
Process 114 finished computations at 10.5038 seconds.
Process 3 finished computations at 10.5053 seconds.
Process 109 finished computations at 10.5048 seconds.
Process 67 finished computations at 10.5059 seconds.
Process 88 finished computations at 10.5037 seconds.
Process 115 finished computations at 10.5078 seconds.
Process 17 finished computations at 10.5105 seconds.
Process 8 finished computations at 10.5113 seconds.
Process 39 finished computations at 10.5119 seconds.
Process 32 finished computations at 10.4999 seconds.
Process 96 finished computations at 10.5134 seconds.
Process 75 finished computations at 10.5146 seconds.
Process 121 finished computations at 10.5161 seconds.
Process 90 finished computations at 10.5176 seconds.
Process 102 finished computations at 10.5185 seconds.
Process 57 finished computations at 10.518 seconds.
Process 64 finished computations at 10.518 seconds.
Process 19 finished computations at 10.518 seconds.
Process 9 finished computations at 10.5188 seconds.
Process 4 finished computations at 10.5195 seconds.
Process 45 finished computations at 10.5207 seconds.
Process 59 finished computations at 10.5204 seconds.
Process 112 finished computations at 10.5208 seconds.
Process 82 finished computations at 10.5225 seconds.
Process 2 finished computations at 10.5246 seconds.
Process 18 finished computations at 10.5067 seconds.
Process 120 finished computations at 10.524 seconds.
Process 29 finished computations at 10.5236 seconds.
Process 34 finished computations at 10.524 seconds.
Process 53 finished computations at 10.5237 seconds.
Process 72 finished computations at 10.5251 seconds.
Process 125 finished computations at 10.5246 seconds.
Process 99 finished computations at 10.5251 seconds.
Process 43 finished computations at 10.5253 seconds.
Process 98 finished computations at 10.5275 seconds.
Process 113 finished computations at 10.5162 seconds.
Process 41 finished computations at 10.5291 seconds.
Process 97 finished computations at 10.5241 seconds.
Process 16 finished computations at 10.5327 seconds.
Process 103 finished computations at 10.5328 seconds.
Process 33 finished computations at 10.5332 seconds.
Process 93 finished computations at 10.5343 seconds.
Process 25 finished computations at 10.536 seconds.
Process 71 finished computations at 10.5361 seconds.
Process 92 finished computations at 10.5366 seconds.
Process 35 finished computations at 10.5384 seconds.
Process 49 finished computations at 10.5372 seconds.
Process 1 finished computations at 10.5418 seconds.
Process 46 finished computations at 10.5415 seconds.
Process 42 finished computations at 10.5377 seconds.
Process 122 finished computations at 10.5414 seconds.
Process 81 finished computations at 10.5432 seconds.
Process 44 finished computations at 10.5423 seconds.
Process 28 finished computations at 10.548 seconds.
Process 119 finished computations at 10.5463 seconds.
Process 58 finished computations at 10.5468 seconds.
Process 108 finished computations at 10.5499 seconds.
Process 106 finished computations at 10.5501 seconds.
Process 10 finished computations at 10.5492 seconds.
Process 63 finished computations at 10.5507 seconds.
Process 118 finished computations at 10.5522 seconds.
Process 117 finished computations at 10.5525 seconds.
Process 87 finished computations at 10.551 seconds.
Process 83 finished computations at 10.5506 seconds.
Process 15 finished computations at 10.5527 seconds.
Process 111 finished computations at 10.5535 seconds.
Process 55 finished computations at 10.555 seconds.
Process 11 finished computations at 10.5554 seconds.
Process 101 finished computations at 10.5512 seconds.
Process 68 finished computations at 10.5596 seconds.
Process 31 finished computations at 10.5604 seconds.
Process 77 finished computations at 10.5607 seconds.
Process 79 finished computations at 10.5623 seconds.
Process 76 finished computations at 10.5618 seconds.
Process 26 finished computations at 10.5625 seconds.
Process 24 finished computations at 10.5644 seconds.
Process 123 finished computations at 10.5654 seconds.
Process 127 finished computations at 10.5665 seconds.
Process 62 finished computations at 10.5668 seconds.
Process 124 finished computations at 10.5664 seconds.
Process 52 finished computations at 10.5698 seconds.
Process 48 finished computations at 10.5688 seconds.
Process 38 finished computations at 10.5704 seconds.
Process 13 finished computations at 10.5718 seconds.
Process 69 finished computations at 10.5712 seconds.
Process 61 finished computations at 10.5733 seconds.
Process 0 finished computations at 10.5765 seconds.
Process 95 finished computations at 10.5645 seconds.
Process 94 finished computations at 10.5796 seconds.
Process 47 finished computations at 10.5805 seconds.
Process 85 finished computations at 10.5673 seconds.
Process 86 finished computations at 10.581 seconds.
Process 126 finished computations at 10.5834 seconds.
Process 14 finished computations at 10.5833 seconds.
Process 54 finished computations at 10.5843 seconds.
Process 78 finished computations at 10.5826 seconds.
Process 30 finished computations at 10.584 seconds.
Process 6 finished computations at 10.5848 seconds.
Process 21 finished computations at 10.5869 seconds.
Process 60 finished computations at 10.5903 seconds.
Process 110 finished computations at 10.5896 seconds.
Process 36 finished computations at 10.5923 seconds.
Process 84 finished computations at 10.5869 seconds.
Process 5 finished computations at 10.596 seconds.
Process 7 finished computations at 10.5969 seconds.
Process 116 finished computations at 10.5989 seconds.
Process 37 finished computations at 10.6014 seconds.
Process 70 finished computations at 10.6071 seconds.
Process 12 finished computations at 10.6077 seconds.
Process 22 finished computations at 10.6056 seconds.
Process 20 finished computations at 10.6129 seconds.
Process 23 finished computations at 10.6231 seconds.
Total time taken: 10.6715 seconds.
17.673
Running with 64 threads...
Resolution of 774 x 3096
64, Running with 64 MPI processes.
Process 40 finished computations at 10.1365 seconds.
Process 8 finished computations at 10.1789 seconds.
Process 25 finished computations at 10.1886 seconds.
Process 49 finished computations at 10.1896 seconds.
Process 43 finished computations at 10.1931 seconds.
Process 21 finished computations at 10.1943 seconds.
Process 33 finished computations at 10.1976 seconds.
Process 19 finished computations at 10.2002 seconds.
Process 34 finished computations at 10.2006 seconds.
Process 52 finished computations at 10.2 seconds.
Process 44 finished computations at 10.2005 seconds.
Process 9 finished computations at 10.2014 seconds.
Process 32 finished computations at 10.2057 seconds.
Process 63 finished computations at 10.2068 seconds.
Process 38 finished computations at 10.2106 seconds.
Process 22 finished computations at 10.2112 seconds.
Process 56 finished computations at 10.212 seconds.
Process 51 finished computations at 10.2118 seconds.
Process 45 finished computations at 10.2122 seconds.
Process 16 finished computations at 10.2147 seconds.
Process 10 finished computations at 10.2148 seconds.
Process 50 finished computations at 10.2177 seconds.
Process 13 finished computations at 10.2178 seconds.
Process 59 finished computations at 10.219 seconds.
Process 1 finished computations at 10.218 seconds.
Process 47 finished computations at 10.2197 seconds.
Process 27 finished computations at 10.2206 seconds.
Process 37 finished computations at 10.2208 seconds.
Process 57 finished computations at 10.2223 seconds.
Process 46 finished computations at 10.2223 seconds.
Process 18 finished computations at 10.2235 seconds.
Process 42 finished computations at 10.2264 seconds.
Process 48 finished computations at 10.2257 seconds.
Process 62 finished computations at 10.2265 seconds.
Process 3 finished computations at 10.2311 seconds.
Process 0 finished computations at 10.2346 seconds.
Process 24 finished computations at 10.2355 seconds.
Process 41 finished computations at 10.2361 seconds.
Process 60 finished computations at 10.2365 seconds.
Process 39 finished computations at 10.2393 seconds.
Process 17 finished computations at 10.2404 seconds.
Process 2 finished computations at 10.2415 seconds.
Process 28 finished computations at 10.2409 seconds.
Process 30 finished computations at 10.2408 seconds.
Process 53 finished computations at 10.2416 seconds.
Process 14 finished computations at 10.2459 seconds.
Process 54 finished computations at 10.245 seconds.
Process 31 finished computations at 10.2457 seconds.
Process 26 finished computations at 10.2469 seconds.
Process 15 finished computations at 10.2476 seconds.
Process 61 finished computations at 10.2528 seconds.
Process 58 finished computations at 10.2562 seconds.
Process 11 finished computations at 10.2575 seconds.
Process 35 finished computations at 10.2571 seconds.
Process 6 finished computations at 10.2588 seconds.
Process 4 finished computations at 10.2606 seconds.
Process 7 finished computations at 10.263 seconds.
Process 23 finished computations at 10.2712 seconds.
Process 20 finished computations at 10.274 seconds.
Process 5 finished computations at 10.2803 seconds.
Process 55 finished computations at 10.2823 seconds.
Process 12 finished computations at 10.2848 seconds.
Process 36 finished computations at 10.2854 seconds.
Process 29 finished computations at 10.3006 seconds.
Total time taken: 10.3173 seconds.
15.116
Running with 32 threads...
Resolution of 387 x 3096
32, Running with 32 MPI processes.
Process 12 finished computations at 10.1781 seconds.
Process 16 finished computations at 10.1869 seconds.
Process 8 finished computations at 10.1885 seconds.
Process 20 finished computations at 10.1905 seconds.
Process 19 finished computations at 10.1947 seconds.
Process 24 finished computations at 10.1952 seconds.
Process 4 finished computations at 10.1956 seconds.
Process 27 finished computations at 10.1961 seconds.
Process 22 finished computations at 10.2008 seconds.
Process 10 finished computations at 10.2023 seconds.
Process 15 finished computations at 10.2033 seconds.
Process 31 finished computations at 10.2033 seconds.
Process 29 finished computations at 10.2052 seconds.
Process 1 finished computations at 10.2055 seconds.
Process 18 finished computations at 10.2081 seconds.
Process 21 finished computations at 10.2096 seconds.
Process 23 finished computations at 10.2105 seconds.
Process 9 finished computations at 10.2115 seconds.
Process 17 finished computations at 10.2129 seconds.
Process 7 finished computations at 10.2135 seconds.
Process 26 finished computations at 10.215 seconds.
Process 11 finished computations at 10.2157 seconds.
Process 25 finished computations at 10.2211 seconds.
Process 3 finished computations at 10.2214 seconds.
Process 13 finished computations at 10.2213 seconds.
Process 30 finished computations at 10.2221 seconds.
Process 6 finished computations at 10.223 seconds.
Process 0 finished computations at 10.2293 seconds.
Process 2 finished computations at 10.2317 seconds.
Process 28 finished computations at 10.2333 seconds.
Process 14 finished computations at 10.2397 seconds.
Process 5 finished computations at 10.2539 seconds.
Total time taken: 10.2624 seconds.
14.443
Running with 16 threads...
Resolution of 193 x 3096
16, Running with 16 MPI processes.
Process 8 finished computations at 10.1204 seconds.
Process 3 finished computations at 10.1262 seconds.
Process 12 finished computations at 10.1469 seconds.
Process 6 finished computations at 10.1534 seconds.
Process 1 finished computations at 10.1561 seconds.
Process 5 finished computations at 10.1605 seconds.
Process 13 finished computations at 10.161 seconds.
Process 0 finished computations at 10.1652 seconds.
Process 7 finished computations at 10.1654 seconds.
Process 10 finished computations at 10.1673 seconds.
Process 2 finished computations at 10.1674 seconds.
Process 11 finished computations at 10.1686 seconds.
Process 9 finished computations at 10.1711 seconds.
Process 14 finished computations at 10.1927 seconds.
Process 15 finished computations at 10.1936 seconds.
Process 4 finished computations at 10.1976 seconds.
Total time taken: 10.2019 seconds.
13.344
Running with 8 threads...
Resolution of 96 x 3096
8, Running with 8 MPI processes.
Process 2 finished computations at 9.12502 seconds.
Process 1 finished computations at 9.14433 seconds.
Process 0 finished computations at 9.85746 seconds.
Process 7 finished computations at 10.252 seconds.
Process 3 finished computations at 10.3178 seconds.
Process 5 finished computations at 10.4025 seconds.
Process 6 finished computations at 10.4788 seconds.
Process 4 finished computations at 10.7976 seconds.
Total time taken: 10.7998 seconds.
13.523
Running with 4 threads...
Resolution of 48 x 3096
4, Running with 4 MPI processes.
Process 0 finished computations at 9.29415 seconds.
Process 1 finished computations at 9.70624 seconds.
Process 3 finished computations at 10.3016 seconds.
Process 2 finished computations at 10.7619 seconds.
Total time taken: 10.763 seconds.
13.177
Running with 2 threads...
Resolution of 24 x 3096
2, Running with 2 MPI processes.
Process 0 finished computations at 9.12371 seconds.
Process 1 finished computations at 10.6531 seconds.
Total time taken: 10.6441 seconds.
13.088
Running with 1 threads...
Resolution of 12 x 3096
1, Running with 1 MPI processes.
Process 0 finished computations at 9.60144 seconds.
Total time taken: 9.60173 seconds.
12.011
All runs completed.
